# JRE version: Java(TM) SE Runtime Environment (17.0.9+11) (build 17.0.9+11-LTS-201)
# Java VM: Java HotSpot(TM) 64-Bit Server VM (17.0.9+11-LTS-201, mixed mode, sharing, tiered, compressed oops, compressed class ptrs, g1 gc, windows-amd64)
GC Precious Log:
 CPUs: 4 total, 4 available
 Memory: 3911M
 Large Page Support: Disabled
 NUMA Support: Disabled
 Compressed Oops: Enabled (32-bit)
 Heap Region Size: 1M
 Heap Min Capacity: 8M
 Heap Initial Capacity: 62M
 Heap Max Capacity: 978M
 Pre-touch: Disabled
 Parallel Workers: 4
 Concurrent Workers: 1
 Concurrent Refinement Workers: 4
 Periodic GC: Disabled
Heap:
 garbage-first heap   total 258048K, used 135886K [0x00000000c2e00000, 0x0000000100000000)
  region size 1024K, 2 young (2048K), 2 survivors (2048K)
 Metaspace       used 42497K, committed 43712K, reserved 1114112K
  class space    used 5531K, committed 6080K, reserved 1048576K
GC Heap History (20 events):
Event: 78.625 GC heap after
{Heap after GC invocations=39 (full 0):
 garbage-first heap   total 230400K, used 88342K [0x00000000c2e00000, 0x0000000100000000)
  region size 1024K, 5 young (5120K), 5 survivors (5120K)
 Metaspace       used 29038K, committed 29952K, reserved 1114112K
  class space    used 3572K, committed 3968K, reserved 1048576K
}
Event: 78.846 GC heap before
{Heap before GC invocations=39 (full 0):
 garbage-first heap   total 230400K, used 93462K [0x00000000c2e00000, 0x0000000100000000)
  region size 1024K, 11 young (11264K), 5 survivors (5120K)
 Metaspace       used 29240K, committed 30144K, reserved 1114112K
  class space    used 3606K, committed 4032K, reserved 1048576K
}
Event: 78.862 GC heap after
{Heap after GC invocations=40 (full 0):
 garbage-first heap   total 230400K, used 86117K [0x00000000c2e00000, 0x0000000100000000)
  region size 1024K, 1 young (1024K), 1 survivors (1024K)
 Metaspace       used 29240K, committed 30144K, reserved 1114112K
  class space    used 3606K, committed 4032K, reserved 1048576K
}
Event: 82.029 GC heap before
{Heap before GC invocations=40 (full 0):
 garbage-first heap   total 230400K, used 194661K [0x00000000c2e00000, 0x0000000100000000)
  region size 1024K, 107 young (109568K), 1 survivors (1024K)
 Metaspace       used 32700K, committed 33664K, reserved 1114112K
  class space    used 3942K, committed 4352K, reserved 1048576K
}
Event: 82.045 GC heap after
{Heap after GC invocations=41 (full 0):
 garbage-first heap   total 230400K, used 88265K [0x00000000c2e00000, 0x0000000100000000)
  region size 1024K, 3 young (3072K), 3 survivors (3072K)
 Metaspace       used 32700K, committed 33664K, reserved 1114112K
  class space    used 3942K, committed 4352K, reserved 1048576K
}
Event: 85.783 GC heap before
{Heap before GC invocations=41 (full 0):
 garbage-first heap   total 230400K, used 195785K [0x00000000c2e00000, 0x0000000100000000)
  region size 1024K, 108 young (110592K), 3 survivors (3072K)
 Metaspace       used 34241K, committed 35328K, reserved 1114112K
  class space    used 4119K, committed 4608K, reserved 1048576K
}
Event: 85.808 GC heap after
{Heap after GC invocations=42 (full 0):
 garbage-first heap   total 230400K, used 90818K [0x00000000c2e00000, 0x0000000100000000)
  region size 1024K, 6 young (6144K), 6 survivors (6144K)
 Metaspace       used 34241K, committed 35328K, reserved 1114112K
  class space    used 4119K, committed 4608K, reserved 1048576K
}
Event: 88.870 GC heap before
{Heap before GC invocations=42 (full 0):
 garbage-first heap   total 230400K, used 195266K [0x00000000c2e00000, 0x0000000100000000)
  region size 1024K, 108 young (110592K), 6 survivors (6144K)
 Metaspace       used 36147K, committed 37248K, reserved 1114112K
  class space    used 4326K, committed 4800K, reserved 1048576K
}
Event: 88.891 GC heap after
{Heap after GC invocations=43 (full 0):
 garbage-first heap   total 230400K, used 93512K [0x00000000c2e00000, 0x0000000100000000)
  region size 1024K, 8 young (8192K), 8 survivors (8192K)
 Metaspace       used 36147K, committed 37248K, reserved 1114112K
  class space    used 4326K, committed 4800K, reserved 1048576K
}
Event: 93.561 GC heap before
{Heap before GC invocations=43 (full 0):
 garbage-first heap   total 230400K, used 196936K [0x00000000c2e00000, 0x0000000100000000)
  region size 1024K, 109 young (111616K), 8 survivors (8192K)
 Metaspace       used 40554K, committed 41664K, reserved 1114112K
  class space    used 5210K, committed 5696K, reserved 1048576K
}
Event: 93.619 GC heap after
{Heap after GC invocations=44 (full 0):
 garbage-first heap   total 230400K, used 100016K [0x00000000c2e00000, 0x0000000100000000)
  region size 1024K, 13 young (13312K), 13 survivors (13312K)
 Metaspace       used 40554K, committed 41664K, reserved 1114112K
  class space    used 5210K, committed 5696K, reserved 1048576K
}
Event: 95.398 GC heap before
{Heap before GC invocations=44 (full 0):
 garbage-first heap   total 230400K, used 192176K [0x00000000c2e00000, 0x0000000100000000)
  region size 1024K, 103 young (105472K), 13 survivors (13312K)
 Metaspace       used 41690K, committed 42816K, reserved 1114112K
  class space    used 5394K, committed 5888K, reserved 1048576K
}
Event: 95.490 GC heap after
{Heap after GC invocations=45 (full 0):
 garbage-first heap   total 230400K, used 109700K [0x00000000c2e00000, 0x0000000100000000)
  region size 1024K, 13 young (13312K), 13 survivors (13312K)
 Metaspace       used 41690K, committed 42816K, reserved 1114112K
  class space    used 5394K, committed 5888K, reserved 1048576K
}
Event: 97.744 GC heap before
{Heap before GC invocations=45 (full 0):
 garbage-first heap   total 230400K, used 189572K [0x00000000c2e00000, 0x0000000100000000)
  region size 1024K, 91 young (93184K), 13 survivors (13312K)
 Metaspace       used 42019K, committed 43200K, reserved 1114112K
  class space    used 5452K, committed 5952K, reserved 1048576K
}
Event: 97.943 GC heap after
{Heap after GC invocations=46 (full 0):
 garbage-first heap   total 230400K, used 121337K [0x00000000c2e00000, 0x0000000100000000)
  region size 1024K, 11 young (11264K), 11 survivors (11264K)
 Metaspace       used 42019K, committed 43200K, reserved 1114112K
  class space    used 5452K, committed 5952K, reserved 1048576K
}
Event: 99.000 GC heap before
{Heap before GC invocations=46 (full 0):
 garbage-first heap   total 230400K, used 188921K [0x00000000c2e00000, 0x0000000100000000)
  region size 1024K, 77 young (78848K), 11 survivors (11264K)
 Metaspace       used 42327K, committed 43520K, reserved 1114112K
  class space    used 5489K, committed 6016K, reserved 1048576K
}
Event: 99.069 GC heap after
{Heap after GC invocations=47 (full 0):
 garbage-first heap   total 230400K, used 129536K [0x00000000c2e00000, 0x0000000100000000)
  region size 1024K, 8 young (8192K), 8 survivors (8192K)
 Metaspace       used 42327K, committed 43520K, reserved 1114112K
  class space    used 5489K, committed 6016K, reserved 1048576K
}
Event: 100.585 GC heap before
{Heap before GC invocations=48 (full 0):
 garbage-first heap   total 258048K, used 189952K [0x00000000c2e00000, 0x0000000100000000)
  region size 1024K, 67 young (68608K), 8 survivors (8192K)
 Metaspace       used 42488K, committed 43712K, reserved 1114112K
  class space    used 5529K, committed 6080K, reserved 1048576K
}
Event: 100.623 GC heap after
{Heap after GC invocations=49 (full 0):
 garbage-first heap   total 258048K, used 137076K [0x00000000c2e00000, 0x0000000100000000)
  region size 1024K, 8 young (8192K), 8 survivors (8192K)
 Metaspace       used 42488K, committed 43712K, reserved 1114112K
  class space    used 5529K, committed 6080K, reserved 1048576K
}
Event: 100.757 GC heap before
{Heap before GC invocations=49 (full 0):
 garbage-first heap   total 258048K, used 141172K [0x00000000c2e00000, 0x0000000100000000)
  region size 1024K, 12 young (12288K), 8 survivors (8192K)
 Metaspace       used 42497K, committed 43712K, reserved 1114112K
  class space    used 5531K, committed 6080K, reserved 1048576K
}

