# JRE version: Java(TM) SE Runtime Environment (17.0.9+11) (build 17.0.9+11-LTS-201)
# Java VM: Java HotSpot(TM) 64-Bit Server VM (17.0.9+11-LTS-201, mixed mode, sharing, tiered, compressed oops, compressed class ptrs, g1 gc, windows-amd64)
GC Precious Log:
 CPUs: 4 total, 4 available
 Memory: 3911M
 Large Page Support: Disabled
 NUMA Support: Disabled
 Compressed Oops: Enabled (32-bit)
 Heap Region Size: 1M
 Heap Min Capacity: 8M
 Heap Initial Capacity: 62M
 Heap Max Capacity: 978M
 Pre-touch: Disabled
 Parallel Workers: 4
 Concurrent Workers: 1
 Concurrent Refinement Workers: 4
 Periodic GC: Disabled
Heap:
 garbage-first heap   total 162816K, used 111155K [0x00000000c2e00000, 0x0000000100000000)
  region size 1024K, 4 young (4096K), 4 survivors (4096K)
 Metaspace       used 41928K, committed 43072K, reserved 1114112K
  class space    used 5450K, committed 5952K, reserved 1048576K
GC Heap History (20 events):
Event: 65.355 GC heap after
{Heap after GC invocations=46 (full 0):
 garbage-first heap   total 158720K, used 83551K [0x00000000c2e00000, 0x0000000100000000)
  region size 1024K, 5 young (5120K), 5 survivors (5120K)
 Metaspace       used 34367K, committed 35456K, reserved 1114112K
  class space    used 4128K, committed 4608K, reserved 1048576K
}
Event: 66.828 GC heap before
{Heap before GC invocations=46 (full 0):
 garbage-first heap   total 158720K, used 134751K [0x00000000c2e00000, 0x0000000100000000)
  region size 1024K, 55 young (56320K), 5 survivors (5120K)
 Metaspace       used 35535K, committed 36608K, reserved 1114112K
  class space    used 4263K, committed 4736K, reserved 1048576K
}
Event: 66.850 GC heap after
{Heap after GC invocations=47 (full 0):
 garbage-first heap   total 158720K, used 84558K [0x00000000c2e00000, 0x0000000100000000)
  region size 1024K, 5 young (5120K), 5 survivors (5120K)
 Metaspace       used 35535K, committed 36608K, reserved 1114112K
  class space    used 4263K, committed 4736K, reserved 1048576K
}
Event: 68.601 GC heap before
{Heap before GC invocations=47 (full 0):
 garbage-first heap   total 158720K, used 135758K [0x00000000c2e00000, 0x0000000100000000)
  region size 1024K, 55 young (56320K), 5 survivors (5120K)
 Metaspace       used 36005K, committed 37056K, reserved 1114112K
  class space    used 4303K, committed 4800K, reserved 1048576K
}
Event: 68.622 GC heap after
{Heap after GC invocations=48 (full 0):
 garbage-first heap   total 158720K, used 87502K [0x00000000c2e00000, 0x0000000100000000)
  region size 1024K, 6 young (6144K), 6 survivors (6144K)
 Metaspace       used 36005K, committed 37056K, reserved 1114112K
  class space    used 4303K, committed 4800K, reserved 1048576K
}
Event: 70.194 GC heap before
{Heap before GC invocations=48 (full 0):
 garbage-first heap   total 158720K, used 134606K [0x00000000c2e00000, 0x0000000100000000)
  region size 1024K, 53 young (54272K), 6 survivors (6144K)
 Metaspace       used 36808K, committed 37888K, reserved 1114112K
  class space    used 4470K, committed 4928K, reserved 1048576K
}
Event: 70.210 GC heap after
{Heap after GC invocations=49 (full 0):
 garbage-first heap   total 158720K, used 86906K [0x00000000c2e00000, 0x0000000100000000)
  region size 1024K, 3 young (3072K), 3 survivors (3072K)
 Metaspace       used 36808K, committed 37888K, reserved 1114112K
  class space    used 4470K, committed 4928K, reserved 1048576K
}
Event: 72.986 GC heap before
{Heap before GC invocations=49 (full 0):
 garbage-first heap   total 158720K, used 136058K [0x00000000c2e00000, 0x0000000100000000)
  region size 1024K, 51 young (52224K), 3 survivors (3072K)
 Metaspace       used 39680K, committed 40832K, reserved 1114112K
  class space    used 5050K, committed 5568K, reserved 1048576K
}
Event: 73.003 GC heap after
{Heap after GC invocations=50 (full 0):
 garbage-first heap   total 158720K, used 87886K [0x00000000c2e00000, 0x0000000100000000)
  region size 1024K, 4 young (4096K), 4 survivors (4096K)
 Metaspace       used 39680K, committed 40832K, reserved 1114112K
  class space    used 5050K, committed 5568K, reserved 1048576K
}
Event: 74.987 GC heap before
{Heap before GC invocations=51 (full 0):
 garbage-first heap   total 162816K, used 136014K [0x00000000c2e00000, 0x0000000100000000)
  region size 1024K, 51 young (52224K), 4 survivors (4096K)
 Metaspace       used 40464K, committed 41600K, reserved 1114112K
  class space    used 5207K, committed 5696K, reserved 1048576K
}
Event: 75.027 GC heap after
{Heap after GC invocations=52 (full 0):
 garbage-first heap   total 162816K, used 92748K [0x00000000c2e00000, 0x0000000100000000)
  region size 1024K, 7 young (7168K), 7 survivors (7168K)
 Metaspace       used 40464K, committed 41600K, reserved 1114112K
  class space    used 5207K, committed 5696K, reserved 1048576K
}
Event: 75.052 GC heap before
{Heap before GC invocations=52 (full 0):
 garbage-first heap   total 162816K, used 93772K [0x00000000c2e00000, 0x0000000100000000)
  region size 1024K, 8 young (8192K), 7 survivors (7168K)
 Metaspace       used 40468K, committed 41600K, reserved 1114112K
  class space    used 5207K, committed 5696K, reserved 1048576K
}
Event: 75.083 GC heap after
{Heap after GC invocations=53 (full 0):
 garbage-first heap   total 162816K, used 93224K [0x00000000c2e00000, 0x0000000100000000)
  region size 1024K, 1 young (1024K), 1 survivors (1024K)
 Metaspace       used 40468K, committed 41600K, reserved 1114112K
  class space    used 5207K, committed 5696K, reserved 1048576K
}
Event: 76.179 GC heap before
{Heap before GC invocations=53 (full 0):
 garbage-first heap   total 162816K, used 137256K [0x00000000c2e00000, 0x0000000100000000)
  region size 1024K, 44 young (45056K), 1 survivors (1024K)
 Metaspace       used 40814K, committed 41984K, reserved 1114112K
  class space    used 5250K, committed 5760K, reserved 1048576K
}
Event: 76.203 GC heap after
{Heap after GC invocations=54 (full 0):
 garbage-first heap   total 162816K, used 97854K [0x00000000c2e00000, 0x0000000100000000)
  region size 1024K, 6 young (6144K), 6 survivors (6144K)
 Metaspace       used 40814K, committed 41984K, reserved 1114112K
  class space    used 5250K, committed 5760K, reserved 1048576K
}
Event: 77.320 GC heap before
{Heap before GC invocations=54 (full 0):
 garbage-first heap   total 162816K, used 135742K [0x00000000c2e00000, 0x0000000100000000)
  region size 1024K, 43 young (44032K), 6 survivors (6144K)
 Metaspace       used 41530K, committed 42688K, reserved 1114112K
  class space    used 5379K, committed 5888K, reserved 1048576K
}
Event: 77.350 GC heap after
{Heap after GC invocations=55 (full 0):
 garbage-first heap   total 162816K, used 102455K [0x00000000c2e00000, 0x0000000100000000)
  region size 1024K, 5 young (5120K), 5 survivors (5120K)
 Metaspace       used 41530K, committed 42688K, reserved 1114112K
  class space    used 5379K, committed 5888K, reserved 1048576K
}
Event: 78.062 GC heap before
{Heap before GC invocations=55 (full 0):
 garbage-first heap   total 162816K, used 136247K [0x00000000c2e00000, 0x0000000100000000)
  region size 1024K, 38 young (38912K), 5 survivors (5120K)
 Metaspace       used 41715K, committed 42880K, reserved 1114112K
  class space    used 5407K, committed 5952K, reserved 1048576K
}
Event: 78.094 GC heap after
{Heap after GC invocations=56 (full 0):
 garbage-first heap   total 162816K, used 107183K [0x00000000c2e00000, 0x0000000100000000)
  region size 1024K, 5 young (5120K), 5 survivors (5120K)
 Metaspace       used 41715K, committed 42880K, reserved 1114112K
  class space    used 5407K, committed 5952K, reserved 1048576K
}
Event: 78.622 GC heap before
{Heap before GC invocations=56 (full 0):
 garbage-first heap   total 162816K, used 136879K [0x00000000c2e00000, 0x0000000100000000)
  region size 1024K, 34 young (34816K), 5 survivors (5120K)
 Metaspace       used 41928K, committed 43072K, reserved 1114112K
  class space    used 5450K, committed 5952K, reserved 1048576K
}

