# JRE version: OpenJDK Runtime Environment Temurin-17.0.9+9 (17.0.9+9) (build 17.0.9+9)
# Java VM: OpenJDK 64-Bit Server VM Temurin-17.0.9+9 (17.0.9+9, mixed mode, sharing, tiered, compressed oops, compressed class ptrs, g1 gc, windows-amd64)
GC Precious Log:
 CPUs: 4 total, 4 available
 Memory: 6092M
 Large Page Support: Disabled
 NUMA Support: Disabled
 Compressed Oops: Enabled (32-bit)
 Heap Region Size: 1M
 Heap Min Capacity: 8M
 Heap Initial Capacity: 96M
 Heap Max Capacity: 1524M
 Pre-touch: Disabled
 Parallel Workers: 4
 Concurrent Workers: 1
 Concurrent Refinement Workers: 4
 Periodic GC: Disabled
Heap:
 garbage-first heap   total 120832K, used 63255K [0x00000000a0c00000, 0x0000000100000000)
  region size 1024K, 33 young (33792K), 6 survivors (6144K)
 Metaspace       used 16618K, committed 16960K, reserved 1114112K
  class space    used 1893K, committed 2048K, reserved 1048576K
GC Heap History (20 events):
Event: 2.081 GC heap before
{Heap before GC invocations=1 (full 0):
 garbage-first heap   total 98304K, used 22994K [0x00000000a0c00000, 0x0000000100000000)
  region size 1024K, 15 young (15360K), 2 survivors (2048K)
 Metaspace       used 2791K, committed 3008K, reserved 1114112K
  class space    used 270K, committed 384K, reserved 1048576K
}
Event: 2.087 GC heap after
{Heap after GC invocations=2 (full 0):
 garbage-first heap   total 98304K, used 10994K [0x00000000a0c00000, 0x0000000100000000)
  region size 1024K, 2 young (2048K), 2 survivors (2048K)
 Metaspace       used 2791K, committed 3008K, reserved 1114112K
  class space    used 270K, committed 384K, reserved 1048576K
}
Event: 2.773 GC heap before
{Heap before GC invocations=2 (full 0):
 garbage-first heap   total 98304K, used 32498K [0x00000000a0c00000, 0x0000000100000000)
  region size 1024K, 24 young (24576K), 2 survivors (2048K)
 Metaspace       used 4840K, committed 5056K, reserved 1114112K
  class space    used 471K, committed 576K, reserved 1048576K
}
Event: 2.780 GC heap after
{Heap after GC invocations=3 (full 0):
 garbage-first heap   total 98304K, used 14187K [0x00000000a0c00000, 0x0000000100000000)
  region size 1024K, 3 young (3072K), 3 survivors (3072K)
 Metaspace       used 4840K, committed 5056K, reserved 1114112K
  class space    used 471K, committed 576K, reserved 1048576K
}
Event: 3.319 GC heap before
{Heap before GC invocations=3 (full 0):
 garbage-first heap   total 98304K, used 53099K [0x00000000a0c00000, 0x0000000100000000)
  region size 1024K, 39 young (39936K), 3 survivors (3072K)
 Metaspace       used 4885K, committed 5120K, reserved 1114112K
  class space    used 471K, committed 576K, reserved 1048576K
}
Event: 3.329 GC heap after
{Heap after GC invocations=4 (full 0):
 garbage-first heap   total 98304K, used 20251K [0x00000000a0c00000, 0x0000000100000000)
  region size 1024K, 5 young (5120K), 5 survivors (5120K)
 Metaspace       used 4885K, committed 5120K, reserved 1114112K
  class space    used 471K, committed 576K, reserved 1048576K
}
Event: 3.521 GC heap before
{Heap before GC invocations=4 (full 0):
 garbage-first heap   total 98304K, used 66331K [0x00000000a0c00000, 0x0000000100000000)
  region size 1024K, 50 young (51200K), 5 survivors (5120K)
 Metaspace       used 4885K, committed 5120K, reserved 1114112K
  class space    used 471K, committed 576K, reserved 1048576K
}
Event: 3.529 GC heap after
{Heap after GC invocations=5 (full 0):
 garbage-first heap   total 98304K, used 20873K [0x00000000a0c00000, 0x0000000100000000)
  region size 1024K, 4 young (4096K), 4 survivors (4096K)
 Metaspace       used 4885K, committed 5120K, reserved 1114112K
  class space    used 471K, committed 576K, reserved 1048576K
}
Event: 5.076 GC heap before
{Heap before GC invocations=5 (full 0):
 garbage-first heap   total 98304K, used 75145K [0x00000000a0c00000, 0x0000000100000000)
  region size 1024K, 57 young (58368K), 4 survivors (4096K)
 Metaspace       used 5025K, committed 5248K, reserved 1114112K
  class space    used 480K, committed 640K, reserved 1048576K
}
Event: 5.084 GC heap after
{Heap after GC invocations=6 (full 0):
 garbage-first heap   total 98304K, used 23114K [0x00000000a0c00000, 0x0000000100000000)
  region size 1024K, 6 young (6144K), 6 survivors (6144K)
 Metaspace       used 5025K, committed 5248K, reserved 1114112K
  class space    used 480K, committed 640K, reserved 1048576K
}
Event: 5.496 GC heap before
{Heap before GC invocations=6 (full 0):
 garbage-first heap   total 98304K, used 75338K [0x00000000a0c00000, 0x0000000100000000)
  region size 1024K, 57 young (58368K), 6 survivors (6144K)
 Metaspace       used 5075K, committed 5312K, reserved 1114112K
  class space    used 481K, committed 640K, reserved 1048576K
}
Event: 5.503 GC heap after
{Heap after GC invocations=7 (full 0):
 garbage-first heap   total 98304K, used 26368K [0x00000000a0c00000, 0x0000000100000000)
  region size 1024K, 7 young (7168K), 7 survivors (7168K)
 Metaspace       used 5075K, committed 5312K, reserved 1114112K
  class space    used 481K, committed 640K, reserved 1048576K
}
Event: 5.738 GC heap before
{Heap before GC invocations=7 (full 0):
 garbage-first heap   total 98304K, used 76544K [0x00000000a0c00000, 0x0000000100000000)
  region size 1024K, 54 young (55296K), 7 survivors (7168K)
 Metaspace       used 5081K, committed 5312K, reserved 1114112K
  class space    used 481K, committed 640K, reserved 1048576K
}
Event: 5.746 GC heap after
{Heap after GC invocations=8 (full 0):
 garbage-first heap   total 98304K, used 31935K [0x00000000a0c00000, 0x0000000100000000)
  region size 1024K, 7 young (7168K), 7 survivors (7168K)
 Metaspace       used 5081K, committed 5312K, reserved 1114112K
  class space    used 481K, committed 640K, reserved 1048576K
}
Event: 5.827 GC heap before
{Heap before GC invocations=8 (full 0):
 garbage-first heap   total 98304K, used 75967K [0x00000000a0c00000, 0x0000000100000000)
  region size 1024K, 50 young (51200K), 7 survivors (7168K)
 Metaspace       used 5081K, committed 5312K, reserved 1114112K
  class space    used 481K, committed 640K, reserved 1048576K
}
Event: 5.833 GC heap after
{Heap after GC invocations=9 (full 0):
 garbage-first heap   total 120832K, used 32130K [0x00000000a0c00000, 0x0000000100000000)
  region size 1024K, 4 young (4096K), 4 survivors (4096K)
 Metaspace       used 5081K, committed 5312K, reserved 1114112K
  class space    used 481K, committed 640K, reserved 1048576K
}
Event: 7.055 GC heap before
{Heap before GC invocations=9 (full 0):
 garbage-first heap   total 120832K, used 95618K [0x00000000a0c00000, 0x0000000100000000)
  region size 1024K, 66 young (67584K), 4 survivors (4096K)
 Metaspace       used 6119K, committed 6336K, reserved 1114112K
  class space    used 603K, committed 704K, reserved 1048576K
}
Event: 7.063 GC heap after
{Heap after GC invocations=10 (full 0):
 garbage-first heap   total 120832K, used 35477K [0x00000000a0c00000, 0x0000000100000000)
  region size 1024K, 7 young (7168K), 7 survivors (7168K)
 Metaspace       used 6119K, committed 6336K, reserved 1114112K
  class space    used 603K, committed 704K, reserved 1048576K
}
Event: 8.276 GC heap before
{Heap before GC invocations=10 (full 0):
 garbage-first heap   total 120832K, used 95893K [0x00000000a0c00000, 0x0000000100000000)
  region size 1024K, 66 young (67584K), 7 survivors (7168K)
 Metaspace       used 12140K, committed 12416K, reserved 1114112K
  class space    used 1362K, committed 1472K, reserved 1048576K
}
Event: 8.292 GC heap after
{Heap after GC invocations=11 (full 0):
 garbage-first heap   total 120832K, used 37655K [0x00000000a0c00000, 0x0000000100000000)
  region size 1024K, 6 young (6144K), 6 survivors (6144K)
 Metaspace       used 12140K, committed 12416K, reserved 1114112K
  class space    used 1362K, committed 1472K, reserved 1048576K
}

