# JRE version: OpenJDK Runtime Environment Temurin-17.0.9+9 (17.0.9+9) (build 17.0.9+9)
# Java VM: OpenJDK 64-Bit Server VM Temurin-17.0.9+9 (17.0.9+9, mixed mode, sharing, tiered, compressed oops, compressed class ptrs, g1 gc, windows-amd64)
GC Precious Log:
 CPUs: 4 total, 4 available
 Memory: 6092M
 Large Page Support: Disabled
 NUMA Support: Disabled
 Compressed Oops: Enabled (32-bit)
 Heap Region Size: 1M
 Heap Min Capacity: 8M
 Heap Initial Capacity: 96M
 Heap Max Capacity: 1524M
 Pre-touch: Disabled
 Parallel Workers: 4
 Concurrent Workers: 1
 Concurrent Refinement Workers: 4
 Periodic GC: Disabled
Heap:
 garbage-first heap   total 118784K, used 58461K [0x00000000a0c00000, 0x0000000100000000)
  region size 1024K, 28 young (28672K), 7 survivors (7168K)
 Metaspace       used 16743K, committed 17088K, reserved 1114112K
  class space    used 1905K, committed 2048K, reserved 1048576K
GC Heap History (20 events):
Event: 1.616 GC heap before
{Heap before GC invocations=1 (full 0):
 garbage-first heap   total 98304K, used 21151K [0x00000000a0c00000, 0x0000000100000000)
  region size 1024K, 13 young (13312K), 2 survivors (2048K)
 Metaspace       used 2618K, committed 2880K, reserved 1114112K
  class space    used 249K, committed 384K, reserved 1048576K
}
Event: 1.620 GC heap after
{Heap after GC invocations=2 (full 0):
 garbage-first heap   total 98304K, used 11108K [0x00000000a0c00000, 0x0000000100000000)
  region size 1024K, 2 young (2048K), 2 survivors (2048K)
 Metaspace       used 2618K, committed 2880K, reserved 1114112K
  class space    used 249K, committed 384K, reserved 1048576K
}
Event: 2.273 GC heap before
{Heap before GC invocations=2 (full 0):
 garbage-first heap   total 98304K, used 32612K [0x00000000a0c00000, 0x0000000100000000)
  region size 1024K, 23 young (23552K), 2 survivors (2048K)
 Metaspace       used 4834K, committed 5056K, reserved 1114112K
  class space    used 471K, committed 576K, reserved 1048576K
}
Event: 2.279 GC heap after
{Heap after GC invocations=3 (full 0):
 garbage-first heap   total 98304K, used 12927K [0x00000000a0c00000, 0x0000000100000000)
  region size 1024K, 3 young (3072K), 3 survivors (3072K)
 Metaspace       used 4834K, committed 5056K, reserved 1114112K
  class space    used 471K, committed 576K, reserved 1048576K
}
Event: 2.830 GC heap before
{Heap before GC invocations=3 (full 0):
 garbage-first heap   total 98304K, used 66175K [0x00000000a0c00000, 0x0000000100000000)
  region size 1024K, 54 young (55296K), 3 survivors (3072K)
 Metaspace       used 4877K, committed 5120K, reserved 1114112K
  class space    used 471K, committed 576K, reserved 1048576K
}
Event: 2.838 GC heap after
{Heap after GC invocations=4 (full 0):
 garbage-first heap   total 98304K, used 20093K [0x00000000a0c00000, 0x0000000100000000)
  region size 1024K, 7 young (7168K), 7 survivors (7168K)
 Metaspace       used 4877K, committed 5120K, reserved 1114112K
  class space    used 471K, committed 576K, reserved 1048576K
}
Event: 3.320 GC heap before
{Heap before GC invocations=4 (full 0):
 garbage-first heap   total 98304K, used 69245K [0x00000000a0c00000, 0x0000000100000000)
  region size 1024K, 55 young (56320K), 7 survivors (7168K)
 Metaspace       used 4909K, committed 5120K, reserved 1114112K
  class space    used 471K, committed 576K, reserved 1048576K
}
Event: 3.329 GC heap after
{Heap after GC invocations=5 (full 0):
 garbage-first heap   total 98304K, used 21353K [0x00000000a0c00000, 0x0000000100000000)
  region size 1024K, 2 young (2048K), 2 survivors (2048K)
 Metaspace       used 4909K, committed 5120K, reserved 1114112K
  class space    used 471K, committed 576K, reserved 1048576K
}
Event: 4.267 GC heap before
{Heap before GC invocations=5 (full 0):
 garbage-first heap   total 98304K, used 71529K [0x00000000a0c00000, 0x0000000100000000)
  region size 1024K, 51 young (52224K), 2 survivors (2048K)
 Metaspace       used 5052K, committed 5312K, reserved 1114112K
  class space    used 480K, committed 640K, reserved 1048576K
}
Event: 4.271 GC heap after
{Heap after GC invocations=6 (full 0):
 garbage-first heap   total 98304K, used 23862K [0x00000000a0c00000, 0x0000000100000000)
  region size 1024K, 5 young (5120K), 5 survivors (5120K)
 Metaspace       used 5052K, committed 5312K, reserved 1114112K
  class space    used 480K, committed 640K, reserved 1048576K
}
Event: 4.580 GC heap before
{Heap before GC invocations=6 (full 0):
 garbage-first heap   total 98304K, used 75062K [0x00000000a0c00000, 0x0000000100000000)
  region size 1024K, 53 young (54272K), 5 survivors (5120K)
 Metaspace       used 5071K, committed 5312K, reserved 1114112K
  class space    used 480K, committed 640K, reserved 1048576K
}
Event: 4.587 GC heap after
{Heap after GC invocations=7 (full 0):
 garbage-first heap   total 98304K, used 29325K [0x00000000a0c00000, 0x0000000100000000)
  region size 1024K, 7 young (7168K), 7 survivors (7168K)
 Metaspace       used 5071K, committed 5312K, reserved 1114112K
  class space    used 480K, committed 640K, reserved 1048576K
}
Event: 4.639 GC heap before
{Heap before GC invocations=7 (full 0):
 garbage-first heap   total 98304K, used 74381K [0x00000000a0c00000, 0x0000000100000000)
  region size 1024K, 51 young (52224K), 7 survivors (7168K)
 Metaspace       used 5071K, committed 5312K, reserved 1114112K
  class space    used 480K, committed 640K, reserved 1048576K
}
Event: 4.647 GC heap after
{Heap after GC invocations=8 (full 0):
 garbage-first heap   total 118784K, used 31914K [0x00000000a0c00000, 0x0000000100000000)
  region size 1024K, 6 young (6144K), 6 survivors (6144K)
 Metaspace       used 5071K, committed 5312K, reserved 1114112K
  class space    used 480K, committed 640K, reserved 1048576K
}
Event: 4.786 GC heap before
{Heap before GC invocations=8 (full 0):
 garbage-first heap   total 118784K, used 84138K [0x00000000a0c00000, 0x0000000100000000)
  region size 1024K, 57 young (58368K), 6 survivors (6144K)
 Metaspace       used 5071K, committed 5312K, reserved 1114112K
  class space    used 480K, committed 640K, reserved 1048576K
}
Event: 4.791 GC heap after
{Heap after GC invocations=9 (full 0):
 garbage-first heap   total 118784K, used 32680K [0x00000000a0c00000, 0x0000000100000000)
  region size 1024K, 3 young (3072K), 3 survivors (3072K)
 Metaspace       used 5071K, committed 5312K, reserved 1114112K
  class space    used 480K, committed 640K, reserved 1048576K
}
Event: 5.728 GC heap before
{Heap before GC invocations=9 (full 0):
 garbage-first heap   total 118784K, used 85928K [0x00000000a0c00000, 0x0000000100000000)
  region size 1024K, 55 young (56320K), 3 survivors (3072K)
 Metaspace       used 7314K, committed 7552K, reserved 1114112K
  class space    used 771K, committed 896K, reserved 1048576K
}
Event: 5.735 GC heap after
{Heap after GC invocations=10 (full 0):
 garbage-first heap   total 118784K, used 34768K [0x00000000a0c00000, 0x0000000100000000)
  region size 1024K, 5 young (5120K), 5 survivors (5120K)
 Metaspace       used 7314K, committed 7552K, reserved 1114112K
  class space    used 771K, committed 896K, reserved 1048576K
}
Event: 6.782 GC heap before
{Heap before GC invocations=10 (full 0):
 garbage-first heap   total 118784K, used 90064K [0x00000000a0c00000, 0x0000000100000000)
  region size 1024K, 59 young (60416K), 5 survivors (5120K)
 Metaspace       used 14075K, committed 14400K, reserved 1114112K
  class space    used 1589K, committed 1728K, reserved 1048576K
}
Event: 6.793 GC heap after
{Heap after GC invocations=11 (full 0):
 garbage-first heap   total 118784K, used 37981K [0x00000000a0c00000, 0x0000000100000000)
  region size 1024K, 7 young (7168K), 7 survivors (7168K)
 Metaspace       used 14075K, committed 14400K, reserved 1114112K
  class space    used 1589K, committed 1728K, reserved 1048576K
}

