# JRE version: Java(TM) SE Runtime Environment (17.0.9+11) (build 17.0.9+11-LTS-201)
# Java VM: Java HotSpot(TM) 64-Bit Server VM (17.0.9+11-LTS-201, mixed mode, sharing, tiered, compressed oops, compressed class ptrs, g1 gc, windows-amd64)
GC Precious Log:
 CPUs: 4 total, 4 available
 Memory: 6092M
 Large Page Support: Disabled
 NUMA Support: Disabled
 Compressed Oops: Enabled (32-bit)
 Heap Region Size: 1M
 Heap Min Capacity: 8M
 Heap Initial Capacity: 96M
 Heap Max Capacity: 1524M
 Pre-touch: Disabled
 Parallel Workers: 4
 Concurrent Workers: 1
 Concurrent Refinement Workers: 4
 Periodic GC: Disabled
Heap:
 garbage-first heap   total 118784K, used 66404K [0x00000000a0c00000, 0x0000000100000000)
  region size 1024K, 37 young (37888K), 6 survivors (6144K)
 Metaspace       used 16725K, committed 17088K, reserved 1114112K
  class space    used 1905K, committed 2048K, reserved 1048576K
GC Heap History (20 events):
Event: 2.111 GC heap before
{Heap before GC invocations=0 (full 0):
 garbage-first heap   total 98304K, used 21504K [0x00000000a0c00000, 0x0000000100000000)
  region size 1024K, 13 young (13312K), 0 survivors (0K)
 Metaspace       used 2027K, committed 2240K, reserved 1114112K
  class space    used 186K, committed 320K, reserved 1048576K
}
Event: 2.117 GC heap after
{Heap after GC invocations=1 (full 0):
 garbage-first heap   total 98304K, used 9921K [0x00000000a0c00000, 0x0000000100000000)
  region size 1024K, 2 young (2048K), 2 survivors (2048K)
 Metaspace       used 2027K, committed 2240K, reserved 1114112K
  class space    used 186K, committed 320K, reserved 1048576K
}
Event: 2.438 GC heap before
{Heap before GC invocations=1 (full 0):
 garbage-first heap   total 98304K, used 21185K [0x00000000a0c00000, 0x0000000100000000)
  region size 1024K, 14 young (14336K), 2 survivors (2048K)
 Metaspace       used 2678K, committed 2880K, reserved 1114112K
  class space    used 263K, committed 384K, reserved 1048576K
}
Event: 2.442 GC heap after
{Heap after GC invocations=2 (full 0):
 garbage-first heap   total 98304K, used 11308K [0x00000000a0c00000, 0x0000000100000000)
  region size 1024K, 2 young (2048K), 2 survivors (2048K)
 Metaspace       used 2678K, committed 2880K, reserved 1114112K
  class space    used 263K, committed 384K, reserved 1048576K
}
Event: 3.001 GC heap before
{Heap before GC invocations=2 (full 0):
 garbage-first heap   total 98304K, used 31788K [0x00000000a0c00000, 0x0000000100000000)
  region size 1024K, 23 young (23552K), 2 survivors (2048K)
 Metaspace       used 4825K, committed 5056K, reserved 1114112K
  class space    used 471K, committed 576K, reserved 1048576K
}
Event: 3.006 GC heap after
{Heap after GC invocations=3 (full 0):
 garbage-first heap   total 98304K, used 13013K [0x00000000a0c00000, 0x0000000100000000)
  region size 1024K, 3 young (3072K), 3 survivors (3072K)
 Metaspace       used 4825K, committed 5056K, reserved 1114112K
  class space    used 471K, committed 576K, reserved 1048576K
}
Event: 3.483 GC heap before
{Heap before GC invocations=3 (full 0):
 garbage-first heap   total 98304K, used 70357K [0x00000000a0c00000, 0x0000000100000000)
  region size 1024K, 57 young (58368K), 3 survivors (3072K)
 Metaspace       used 4864K, committed 5056K, reserved 1114112K
  class space    used 471K, committed 576K, reserved 1048576K
}
Event: 3.496 GC heap after
{Heap after GC invocations=4 (full 0):
 garbage-first heap   total 98304K, used 19708K [0x00000000a0c00000, 0x0000000100000000)
  region size 1024K, 8 young (8192K), 8 survivors (8192K)
 Metaspace       used 4864K, committed 5056K, reserved 1114112K
  class space    used 471K, committed 576K, reserved 1048576K
}
Event: 4.036 GC heap before
{Heap before GC invocations=4 (full 0):
 garbage-first heap   total 98304K, used 68860K [0x00000000a0c00000, 0x0000000100000000)
  region size 1024K, 56 young (57344K), 8 survivors (8192K)
 Metaspace       used 4907K, committed 5120K, reserved 1114112K
  class space    used 471K, committed 576K, reserved 1048576K
}
Event: 4.048 GC heap after
{Heap after GC invocations=5 (full 0):
 garbage-first heap   total 98304K, used 20959K [0x00000000a0c00000, 0x0000000100000000)
  region size 1024K, 2 young (2048K), 2 survivors (2048K)
 Metaspace       used 4907K, committed 5120K, reserved 1114112K
  class space    used 471K, committed 576K, reserved 1048576K
}
Event: 5.094 GC heap before
{Heap before GC invocations=5 (full 0):
 garbage-first heap   total 98304K, used 72159K [0x00000000a0c00000, 0x0000000100000000)
  region size 1024K, 52 young (53248K), 2 survivors (2048K)
 Metaspace       used 5060K, committed 5312K, reserved 1114112K
  class space    used 481K, committed 640K, reserved 1048576K
}
Event: 5.100 GC heap after
{Heap after GC invocations=6 (full 0):
 garbage-first heap   total 98304K, used 25808K [0x00000000a0c00000, 0x0000000100000000)
  region size 1024K, 7 young (7168K), 7 survivors (7168K)
 Metaspace       used 5060K, committed 5312K, reserved 1114112K
  class space    used 481K, committed 640K, reserved 1048576K
}
Event: 5.482 GC heap before
{Heap before GC invocations=6 (full 0):
 garbage-first heap   total 98304K, used 74960K [0x00000000a0c00000, 0x0000000100000000)
  region size 1024K, 53 young (54272K), 7 survivors (7168K)
 Metaspace       used 5069K, committed 5312K, reserved 1114112K
  class space    used 481K, committed 640K, reserved 1048576K
}
Event: 5.493 GC heap after
{Heap after GC invocations=7 (full 0):
 garbage-first heap   total 98304K, used 31553K [0x00000000a0c00000, 0x0000000100000000)
  region size 1024K, 4 young (4096K), 4 survivors (4096K)
 Metaspace       used 5069K, committed 5312K, reserved 1114112K
  class space    used 481K, committed 640K, reserved 1048576K
}
Event: 5.561 GC heap before
{Heap before GC invocations=7 (full 0):
 garbage-first heap   total 98304K, used 73537K [0x00000000a0c00000, 0x0000000100000000)
  region size 1024K, 45 young (46080K), 4 survivors (4096K)
 Metaspace       used 5069K, committed 5312K, reserved 1114112K
  class space    used 481K, committed 640K, reserved 1048576K
}
Event: 5.568 GC heap after
{Heap after GC invocations=8 (full 0):
 garbage-first heap   total 118784K, used 32374K [0x00000000a0c00000, 0x0000000100000000)
  region size 1024K, 1 young (1024K), 1 survivors (1024K)
 Metaspace       used 5069K, committed 5312K, reserved 1114112K
  class space    used 481K, committed 640K, reserved 1048576K
}
Event: 6.555 GC heap before
{Heap before GC invocations=8 (full 0):
 garbage-first heap   total 118784K, used 89718K [0x00000000a0c00000, 0x0000000100000000)
  region size 1024K, 57 young (58368K), 1 survivors (1024K)
 Metaspace       used 5240K, committed 5504K, reserved 1114112K
  class space    used 499K, committed 640K, reserved 1048576K
}
Event: 6.561 GC heap after
{Heap after GC invocations=9 (full 0):
 garbage-first heap   total 118784K, used 34335K [0x00000000a0c00000, 0x0000000100000000)
  region size 1024K, 3 young (3072K), 3 survivors (3072K)
 Metaspace       used 5240K, committed 5504K, reserved 1114112K
  class space    used 499K, committed 640K, reserved 1048576K
}
Event: 7.537 GC heap before
{Heap before GC invocations=9 (full 0):
 garbage-first heap   total 118784K, used 92703K [0x00000000a0c00000, 0x0000000100000000)
  region size 1024K, 60 young (61440K), 3 survivors (3072K)
 Metaspace       used 11560K, committed 11840K, reserved 1114112K
  class space    used 1296K, committed 1472K, reserved 1048576K
}
Event: 7.546 GC heap after
{Heap after GC invocations=10 (full 0):
 garbage-first heap   total 118784K, used 36708K [0x00000000a0c00000, 0x0000000100000000)
  region size 1024K, 6 young (6144K), 6 survivors (6144K)
 Metaspace       used 11560K, committed 11840K, reserved 1114112K
  class space    used 1296K, committed 1472K, reserved 1048576K
}

