# JRE version: OpenJDK Runtime Environment Temurin-17.0.9+9 (17.0.9+9) (build 17.0.9+9)
# Java VM: OpenJDK 64-Bit Server VM Temurin-17.0.9+9 (17.0.9+9, mixed mode, sharing, tiered, compressed oops, compressed class ptrs, g1 gc, windows-amd64)
GC Precious Log:
 CPUs: 4 total, 4 available
 Memory: 6092M
 Large Page Support: Disabled
 NUMA Support: Disabled
 Compressed Oops: Enabled (32-bit)
 Heap Region Size: 1M
 Heap Min Capacity: 8M
 Heap Initial Capacity: 96M
 Heap Max Capacity: 1524M
 Pre-touch: Disabled
 Parallel Workers: 4
 Concurrent Workers: 1
 Concurrent Refinement Workers: 4
 Periodic GC: Disabled
Heap:
 garbage-first heap   total 123904K, used 62978K [0x00000000a0c00000, 0x0000000100000000)
  region size 1024K, 32 young (32768K), 6 survivors (6144K)
 Metaspace       used 16765K, committed 17088K, reserved 1114112K
  class space    used 1905K, committed 2048K, reserved 1048576K
GC Heap History (20 events):
Event: 1.900 GC heap before
{Heap before GC invocations=1 (full 0):
 garbage-first heap   total 98304K, used 22090K [0x00000000a0c00000, 0x0000000100000000)
  region size 1024K, 14 young (14336K), 2 survivors (2048K)
 Metaspace       used 2711K, committed 2944K, reserved 1114112K
  class space    used 263K, committed 384K, reserved 1048576K
}
Event: 1.905 GC heap after
{Heap after GC invocations=2 (full 0):
 garbage-first heap   total 98304K, used 11066K [0x00000000a0c00000, 0x0000000100000000)
  region size 1024K, 2 young (2048K), 2 survivors (2048K)
 Metaspace       used 2711K, committed 2944K, reserved 1114112K
  class space    used 263K, committed 384K, reserved 1048576K
}
Event: 3.161 GC heap before
{Heap before GC invocations=2 (full 0):
 garbage-first heap   total 98304K, used 31546K [0x00000000a0c00000, 0x0000000100000000)
  region size 1024K, 23 young (23552K), 2 survivors (2048K)
 Metaspace       used 4859K, committed 5056K, reserved 1114112K
  class space    used 471K, committed 576K, reserved 1048576K
}
Event: 3.166 GC heap after
{Heap after GC invocations=3 (full 0):
 garbage-first heap   total 98304K, used 13419K [0x00000000a0c00000, 0x0000000100000000)
  region size 1024K, 3 young (3072K), 3 survivors (3072K)
 Metaspace       used 4859K, committed 5056K, reserved 1114112K
  class space    used 471K, committed 576K, reserved 1048576K
}
Event: 3.921 GC heap before
{Heap before GC invocations=3 (full 0):
 garbage-first heap   total 98304K, used 69739K [0x00000000a0c00000, 0x0000000100000000)
  region size 1024K, 56 young (57344K), 3 survivors (3072K)
 Metaspace       used 4897K, committed 5120K, reserved 1114112K
  class space    used 471K, committed 576K, reserved 1048576K
}
Event: 3.933 GC heap after
{Heap after GC invocations=4 (full 0):
 garbage-first heap   total 98304K, used 20005K [0x00000000a0c00000, 0x0000000100000000)
  region size 1024K, 7 young (7168K), 7 survivors (7168K)
 Metaspace       used 4897K, committed 5120K, reserved 1114112K
  class space    used 471K, committed 576K, reserved 1048576K
}
Event: 4.604 GC heap before
{Heap before GC invocations=4 (full 0):
 garbage-first heap   total 98304K, used 68133K [0x00000000a0c00000, 0x0000000100000000)
  region size 1024K, 54 young (55296K), 7 survivors (7168K)
 Metaspace       used 4957K, committed 5184K, reserved 1114112K
  class space    used 471K, committed 576K, reserved 1048576K
}
Event: 4.614 GC heap after
{Heap after GC invocations=5 (full 0):
 garbage-first heap   total 98304K, used 21722K [0x00000000a0c00000, 0x0000000100000000)
  region size 1024K, 2 young (2048K), 2 survivors (2048K)
 Metaspace       used 4957K, committed 5184K, reserved 1114112K
  class space    used 471K, committed 576K, reserved 1048576K
}
Event: 6.391 GC heap before
{Heap before GC invocations=5 (full 0):
 garbage-first heap   total 98304K, used 70874K [0x00000000a0c00000, 0x0000000100000000)
  region size 1024K, 50 young (51200K), 2 survivors (2048K)
 Metaspace       used 5076K, committed 5312K, reserved 1114112K
  class space    used 480K, committed 640K, reserved 1048576K
}
Event: 6.396 GC heap after
{Heap after GC invocations=6 (full 0):
 garbage-first heap   total 98304K, used 25079K [0x00000000a0c00000, 0x0000000100000000)
  region size 1024K, 6 young (6144K), 6 survivors (6144K)
 Metaspace       used 5076K, committed 5312K, reserved 1114112K
  class space    used 480K, committed 640K, reserved 1048576K
}
Event: 6.870 GC heap before
{Heap before GC invocations=6 (full 0):
 garbage-first heap   total 98304K, used 73207K [0x00000000a0c00000, 0x0000000100000000)
  region size 1024K, 51 young (52224K), 6 survivors (6144K)
 Metaspace       used 5084K, committed 5312K, reserved 1114112K
  class space    used 480K, committed 640K, reserved 1048576K
}
Event: 6.879 GC heap after
{Heap after GC invocations=7 (full 0):
 garbage-first heap   total 98304K, used 31015K [0x00000000a0c00000, 0x0000000100000000)
  region size 1024K, 4 young (4096K), 4 survivors (4096K)
 Metaspace       used 5084K, committed 5312K, reserved 1114112K
  class space    used 480K, committed 640K, reserved 1048576K
}
Event: 6.968 GC heap before
{Heap before GC invocations=7 (full 0):
 garbage-first heap   total 98304K, used 72999K [0x00000000a0c00000, 0x0000000100000000)
  region size 1024K, 45 young (46080K), 4 survivors (4096K)
 Metaspace       used 5084K, committed 5312K, reserved 1114112K
  class space    used 480K, committed 640K, reserved 1048576K
}
Event: 6.974 GC heap after
{Heap after GC invocations=8 (full 0):
 garbage-first heap   total 98304K, used 32416K [0x00000000a0c00000, 0x0000000100000000)
  region size 1024K, 2 young (2048K), 2 survivors (2048K)
 Metaspace       used 5084K, committed 5312K, reserved 1114112K
  class space    used 480K, committed 640K, reserved 1048576K
}
Event: 7.090 GC heap before
{Heap before GC invocations=8 (full 0):
 garbage-first heap   total 98304K, used 74400K [0x00000000a0c00000, 0x0000000100000000)
  region size 1024K, 43 young (44032K), 2 survivors (2048K)
 Metaspace       used 5084K, committed 5312K, reserved 1114112K
  class space    used 480K, committed 640K, reserved 1048576K
}
Event: 7.093 GC heap after
{Heap after GC invocations=9 (full 0):
 garbage-first heap   total 123904K, used 32186K [0x00000000a0c00000, 0x0000000100000000)
  region size 1024K, 2 young (2048K), 2 survivors (2048K)
 Metaspace       used 5084K, committed 5312K, reserved 1114112K
  class space    used 480K, committed 640K, reserved 1048576K
}
Event: 8.929 GC heap before
{Heap before GC invocations=9 (full 0):
 garbage-first heap   total 123904K, used 89530K [0x00000000a0c00000, 0x0000000100000000)
  region size 1024K, 58 young (59392K), 2 survivors (2048K)
 Metaspace       used 6622K, committed 6848K, reserved 1114112K
  class space    used 664K, committed 768K, reserved 1048576K
}
Event: 8.938 GC heap after
{Heap after GC invocations=10 (full 0):
 garbage-first heap   total 123904K, used 35170K [0x00000000a0c00000, 0x0000000100000000)
  region size 1024K, 5 young (5120K), 5 survivors (5120K)
 Metaspace       used 6622K, committed 6848K, reserved 1114112K
  class space    used 664K, committed 768K, reserved 1048576K
}
Event: 11.352 GC heap before
{Heap before GC invocations=10 (full 0):
 garbage-first heap   total 123904K, used 93538K [0x00000000a0c00000, 0x0000000100000000)
  region size 1024K, 62 young (63488K), 5 survivors (5120K)
 Metaspace       used 12562K, committed 12800K, reserved 1114112K
  class space    used 1411K, committed 1536K, reserved 1048576K
}
Event: 11.362 GC heap after
{Heap after GC invocations=11 (full 0):
 garbage-first heap   total 123904K, used 37378K [0x00000000a0c00000, 0x0000000100000000)
  region size 1024K, 6 young (6144K), 6 survivors (6144K)
 Metaspace       used 12562K, committed 12800K, reserved 1114112K
  class space    used 1411K, committed 1536K, reserved 1048576K
}

