# JRE version: Java(TM) SE Runtime Environment (17.0.9+11) (build 17.0.9+11-LTS-201)
# Java VM: Java HotSpot(TM) 64-Bit Server VM (17.0.9+11-LTS-201, mixed mode, sharing, tiered, compressed oops, compressed class ptrs, g1 gc, windows-amd64)
GC Precious Log:
 CPUs: 4 total, 4 available
 Memory: 3911M
 Large Page Support: Disabled
 NUMA Support: Disabled
 Compressed Oops: Enabled (32-bit)
 Heap Region Size: 1M
 Heap Min Capacity: 8M
 Heap Initial Capacity: 62M
 Heap Max Capacity: 978M
 Pre-touch: Disabled
 Parallel Workers: 4
 Concurrent Workers: 1
 Concurrent Refinement Workers: 4
 Periodic GC: Disabled
Heap:
 garbage-first heap   total 606208K, used 513024K [0x00000000c2e00000, 0x0000000100000000)
  region size 1024K, 25 young (25600K), 5 survivors (5120K)
 Metaspace       used 107468K, committed 109120K, reserved 1179648K
  class space    used 15756K, committed 16512K, reserved 1048576K
GC Heap History (20 events):
Event: 195.608 GC heap before
{Heap before GC invocations=102 (full 0):
 garbage-first heap   total 506880K, used 428471K [0x00000000c2e00000, 0x0000000100000000)
  region size 1024K, 127 young (130048K), 17 survivors (17408K)
 Metaspace       used 103332K, committed 105024K, reserved 1179648K
  class space    used 15225K, committed 16000K, reserved 1048576K
}
Event: 195.647 GC heap after
{Heap after GC invocations=103 (full 0):
 garbage-first heap   total 506880K, used 314277K [0x00000000c2e00000, 0x0000000100000000)
  region size 1024K, 5 young (5120K), 5 survivors (5120K)
 Metaspace       used 103332K, committed 105024K, reserved 1179648K
  class space    used 15225K, committed 16000K, reserved 1048576K
}
Event: 197.586 GC heap before
{Heap before GC invocations=103 (full 0):
 garbage-first heap   total 506880K, used 432037K [0x00000000c2e00000, 0x0000000100000000)
  region size 1024K, 120 young (122880K), 5 survivors (5120K)
 Metaspace       used 104034K, committed 105728K, reserved 1179648K
  class space    used 15317K, committed 16064K, reserved 1048576K
}
Event: 197.628 GC heap after
{Heap after GC invocations=104 (full 0):
 garbage-first heap   total 506880K, used 320088K [0x00000000c2e00000, 0x0000000100000000)
  region size 1024K, 11 young (11264K), 11 survivors (11264K)
 Metaspace       used 104034K, committed 105728K, reserved 1179648K
  class space    used 15317K, committed 16064K, reserved 1048576K
}
Event: 199.936 GC heap before
{Heap before GC invocations=104 (full 0):
 garbage-first heap   total 506880K, used 433752K [0x00000000c2e00000, 0x0000000100000000)
  region size 1024K, 122 young (124928K), 11 survivors (11264K)
 Metaspace       used 104698K, committed 106368K, reserved 1179648K
  class space    used 15420K, committed 16192K, reserved 1048576K
}
Event: 200.005 GC heap after
{Heap after GC invocations=105 (full 0):
 garbage-first heap   total 506880K, used 325526K [0x00000000c2e00000, 0x0000000100000000)
  region size 1024K, 12 young (12288K), 12 survivors (12288K)
 Metaspace       used 104698K, committed 106368K, reserved 1179648K
  class space    used 15420K, committed 16192K, reserved 1048576K
}
Event: 214.675 GC heap before
{Heap before GC invocations=105 (full 0):
 garbage-first heap   total 506880K, used 436118K [0x00000000c2e00000, 0x0000000100000000)
  region size 1024K, 120 young (122880K), 12 survivors (12288K)
 Metaspace       used 106999K, committed 108672K, reserved 1179648K
  class space    used 15694K, committed 16448K, reserved 1048576K
}
Event: 214.728 GC heap after
{Heap after GC invocations=106 (full 0):
 garbage-first heap   total 506880K, used 327168K [0x00000000c2e00000, 0x0000000100000000)
  region size 1024K, 8 young (8192K), 8 survivors (8192K)
 Metaspace       used 106999K, committed 108672K, reserved 1179648K
  class space    used 15694K, committed 16448K, reserved 1048576K
}
Event: 217.262 GC heap before
{Heap before GC invocations=106 (full 0):
 garbage-first heap   total 506880K, used 437759K [0x00000000c2e00000, 0x0000000100000000)
  region size 1024K, 117 young (119808K), 8 survivors (8192K)
 Metaspace       used 107411K, committed 109056K, reserved 1179648K
  class space    used 15757K, committed 16512K, reserved 1048576K
}
Event: 217.543 GC heap after
{Heap after GC invocations=107 (full 0):
 garbage-first heap   total 506880K, used 386847K [0x00000000c2e00000, 0x0000000100000000)
  region size 1024K, 15 young (15360K), 15 survivors (15360K)
 Metaspace       used 107411K, committed 109056K, reserved 1179648K
  class space    used 15757K, committed 16512K, reserved 1048576K
}
Event: 217.992 GC heap before
{Heap before GC invocations=107 (full 0):
 garbage-first heap   total 506880K, used 424735K [0x00000000c2e00000, 0x0000000100000000)
  region size 1024K, 52 young (53248K), 15 survivors (15360K)
 Metaspace       used 107441K, committed 109120K, reserved 1179648K
  class space    used 15757K, committed 16512K, reserved 1048576K
}
Event: 218.166 GC heap after
{Heap after GC invocations=108 (full 0):
 garbage-first heap   total 506880K, used 411648K [0x00000000c2e00000, 0x0000000100000000)
  region size 1024K, 7 young (7168K), 7 survivors (7168K)
 Metaspace       used 107441K, committed 109120K, reserved 1179648K
  class space    used 15757K, committed 16512K, reserved 1048576K
}
Event: 218.461 GC heap before
{Heap before GC invocations=108 (full 0):
 garbage-first heap   total 506880K, used 432128K [0x00000000c2e00000, 0x0000000100000000)
  region size 1024K, 27 young (27648K), 7 survivors (7168K)
 Metaspace       used 107441K, committed 109120K, reserved 1179648K
  class space    used 15757K, committed 16512K, reserved 1048576K
}
Event: 218.577 GC heap after
{Heap after GC invocations=109 (full 0):
 garbage-first heap   total 506880K, used 424960K [0x00000000c2e00000, 0x0000000100000000)
  region size 1024K, 4 young (4096K), 4 survivors (4096K)
 Metaspace       used 107441K, committed 109120K, reserved 1179648K
  class space    used 15757K, committed 16512K, reserved 1048576K
}
Event: 218.937 GC heap before
{Heap before GC invocations=109 (full 0):
 garbage-first heap   total 506880K, used 445440K [0x00000000c2e00000, 0x0000000100000000)
  region size 1024K, 24 young (24576K), 4 survivors (4096K)
 Metaspace       used 107441K, committed 109120K, reserved 1179648K
  class space    used 15757K, committed 16512K, reserved 1048576K
}
Event: 219.021 GC heap after
{Heap after GC invocations=110 (full 0):
 garbage-first heap   total 606208K, used 438272K [0x00000000c2e00000, 0x0000000100000000)
  region size 1024K, 3 young (3072K), 3 survivors (3072K)
 Metaspace       used 107441K, committed 109120K, reserved 1179648K
  class space    used 15757K, committed 16512K, reserved 1048576K
}
Event: 220.361 GC heap before
{Heap before GC invocations=110 (full 0):
 garbage-first heap   total 606208K, used 486400K [0x00000000c2e00000, 0x0000000100000000)
  region size 1024K, 50 young (51200K), 3 survivors (3072K)
 Metaspace       used 107463K, committed 109120K, reserved 1179648K
  class space    used 15757K, committed 16512K, reserved 1048576K
}
Event: 220.503 GC heap after
{Heap after GC invocations=111 (full 0):
 garbage-first heap   total 606208K, used 471552K [0x00000000c2e00000, 0x0000000100000000)
  region size 1024K, 7 young (7168K), 7 survivors (7168K)
 Metaspace       used 107463K, committed 109120K, reserved 1179648K
  class space    used 15757K, committed 16512K, reserved 1048576K
}
Event: 220.693 GC heap before
{Heap before GC invocations=111 (full 0):
 garbage-first heap   total 606208K, used 501248K [0x00000000c2e00000, 0x0000000100000000)
  region size 1024K, 36 young (36864K), 7 survivors (7168K)
 Metaspace       used 107464K, committed 109120K, reserved 1179648K
  class space    used 15757K, committed 16512K, reserved 1048576K
}
Event: 220.822 GC heap after
{Heap after GC invocations=112 (full 0):
 garbage-first heap   total 606208K, used 493568K [0x00000000c2e00000, 0x0000000100000000)
  region size 1024K, 5 young (5120K), 5 survivors (5120K)
 Metaspace       used 107464K, committed 109120K, reserved 1179648K
  class space    used 15757K, committed 16512K, reserved 1048576K
}

