# JRE version: OpenJDK Runtime Environment Temurin-17.0.9+9 (17.0.9+9) (build 17.0.9+9)
# Java VM: OpenJDK 64-Bit Server VM Temurin-17.0.9+9 (17.0.9+9, mixed mode, sharing, tiered, compressed oops, compressed class ptrs, g1 gc, windows-amd64)
GC Precious Log:
 CPUs: 4 total, 4 available
 Memory: 6092M
 Large Page Support: Disabled
 NUMA Support: Disabled
 Compressed Oops: Enabled (32-bit)
 Heap Region Size: 1M
 Heap Min Capacity: 8M
 Heap Initial Capacity: 96M
 Heap Max Capacity: 1524M
 Pre-touch: Disabled
 Parallel Workers: 4
 Concurrent Workers: 1
 Concurrent Refinement Workers: 4
 Periodic GC: Disabled
Heap:
 garbage-first heap   total 154624K, used 97828K [0x00000000a0c00000, 0x0000000100000000)
  region size 1024K, 67 young (68608K), 5 survivors (5120K)
 Metaspace       used 16722K, committed 17088K, reserved 1114112K
  class space    used 1905K, committed 2048K, reserved 1048576K
GC Heap History (20 events):
Event: 0.884 GC heap before
{Heap before GC invocations=0 (full 0):
 garbage-first heap   total 98304K, used 20480K [0x00000000a0c00000, 0x0000000100000000)
  region size 1024K, 13 young (13312K), 0 survivors (0K)
 Metaspace       used 2146K, committed 2368K, reserved 1114112K
  class space    used 201K, committed 320K, reserved 1048576K
}
Event: 0.889 GC heap after
{Heap after GC invocations=1 (full 0):
 garbage-first heap   total 98304K, used 9855K [0x00000000a0c00000, 0x0000000100000000)
  region size 1024K, 2 young (2048K), 2 survivors (2048K)
 Metaspace       used 2146K, committed 2368K, reserved 1114112K
  class space    used 201K, committed 320K, reserved 1048576K
}
Event: 1.252 GC heap before
{Heap before GC invocations=1 (full 0):
 garbage-first heap   total 98304K, used 22143K [0x00000000a0c00000, 0x0000000100000000)
  region size 1024K, 14 young (14336K), 2 survivors (2048K)
 Metaspace       used 2702K, committed 2880K, reserved 1114112K
  class space    used 265K, committed 384K, reserved 1048576K
}
Event: 1.256 GC heap after
{Heap after GC invocations=2 (full 0):
 garbage-first heap   total 98304K, used 11152K [0x00000000a0c00000, 0x0000000100000000)
  region size 1024K, 2 young (2048K), 2 survivors (2048K)
 Metaspace       used 2702K, committed 2880K, reserved 1114112K
  class space    used 265K, committed 384K, reserved 1048576K
}
Event: 2.447 GC heap before
{Heap before GC invocations=2 (full 0):
 garbage-first heap   total 98304K, used 32656K [0x00000000a0c00000, 0x0000000100000000)
  region size 1024K, 23 young (23552K), 2 survivors (2048K)
 Metaspace       used 4838K, committed 5056K, reserved 1114112K
  class space    used 471K, committed 576K, reserved 1048576K
}
Event: 2.453 GC heap after
{Heap after GC invocations=3 (full 0):
 garbage-first heap   total 98304K, used 13948K [0x00000000a0c00000, 0x0000000100000000)
  region size 1024K, 3 young (3072K), 3 survivors (3072K)
 Metaspace       used 4838K, committed 5056K, reserved 1114112K
  class space    used 471K, committed 576K, reserved 1048576K
}
Event: 2.867 GC heap before
{Heap before GC invocations=3 (full 0):
 garbage-first heap   total 98304K, used 67196K [0x00000000a0c00000, 0x0000000100000000)
  region size 1024K, 53 young (54272K), 3 survivors (3072K)
 Metaspace       used 4877K, committed 5120K, reserved 1114112K
  class space    used 471K, committed 576K, reserved 1048576K
}
Event: 2.877 GC heap after
{Heap after GC invocations=4 (full 0):
 garbage-first heap   total 98304K, used 20333K [0x00000000a0c00000, 0x0000000100000000)
  region size 1024K, 7 young (7168K), 7 survivors (7168K)
 Metaspace       used 4877K, committed 5120K, reserved 1114112K
  class space    used 471K, committed 576K, reserved 1048576K
}
Event: 3.369 GC heap before
{Heap before GC invocations=4 (full 0):
 garbage-first heap   total 98304K, used 69485K [0x00000000a0c00000, 0x0000000100000000)
  region size 1024K, 55 young (56320K), 7 survivors (7168K)
 Metaspace       used 4945K, committed 5184K, reserved 1114112K
  class space    used 471K, committed 576K, reserved 1048576K
}
Event: 3.380 GC heap after
{Heap after GC invocations=5 (full 0):
 garbage-first heap   total 98304K, used 22316K [0x00000000a0c00000, 0x0000000100000000)
  region size 1024K, 2 young (2048K), 2 survivors (2048K)
 Metaspace       used 4945K, committed 5184K, reserved 1114112K
  class space    used 471K, committed 576K, reserved 1048576K
}
Event: 4.194 GC heap before
{Heap before GC invocations=5 (full 0):
 garbage-first heap   total 98304K, used 72492K [0x00000000a0c00000, 0x0000000100000000)
  region size 1024K, 51 young (52224K), 2 survivors (2048K)
 Metaspace       used 5060K, committed 5312K, reserved 1114112K
  class space    used 481K, committed 640K, reserved 1048576K
}
Event: 4.200 GC heap after
{Heap after GC invocations=6 (full 0):
 garbage-first heap   total 98304K, used 24782K [0x00000000a0c00000, 0x0000000100000000)
  region size 1024K, 5 young (5120K), 5 survivors (5120K)
 Metaspace       used 5060K, committed 5312K, reserved 1114112K
  class space    used 481K, committed 640K, reserved 1048576K
}
Event: 4.483 GC heap before
{Heap before GC invocations=6 (full 0):
 garbage-first heap   total 98304K, used 75982K [0x00000000a0c00000, 0x0000000100000000)
  region size 1024K, 53 young (54272K), 5 survivors (5120K)
 Metaspace       used 5069K, committed 5312K, reserved 1114112K
  class space    used 481K, committed 640K, reserved 1048576K
}
Event: 4.490 GC heap after
{Heap after GC invocations=7 (full 0):
 garbage-first heap   total 98304K, used 31596K [0x00000000a0c00000, 0x0000000100000000)
  region size 1024K, 7 young (7168K), 7 survivors (7168K)
 Metaspace       used 5069K, committed 5312K, reserved 1114112K
  class space    used 481K, committed 640K, reserved 1048576K
}
Event: 4.534 GC heap before
{Heap before GC invocations=7 (full 0):
 garbage-first heap   total 98304K, used 75628K [0x00000000a0c00000, 0x0000000100000000)
  region size 1024K, 50 young (51200K), 7 survivors (7168K)
 Metaspace       used 5069K, committed 5312K, reserved 1114112K
  class space    used 481K, committed 640K, reserved 1048576K
}
Event: 4.542 GC heap after
{Heap after GC invocations=8 (full 0):
 garbage-first heap   total 98304K, used 32919K [0x00000000a0c00000, 0x0000000100000000)
  region size 1024K, 1 young (1024K), 1 survivors (1024K)
 Metaspace       used 5069K, committed 5312K, reserved 1114112K
  class space    used 481K, committed 640K, reserved 1048576K
}
Event: 4.665 GC heap before
{Heap before GC invocations=8 (full 0):
 garbage-first heap   total 98304K, used 76951K [0x00000000a0c00000, 0x0000000100000000)
  region size 1024K, 44 young (45056K), 1 survivors (1024K)
 Metaspace       used 5070K, committed 5312K, reserved 1114112K
  class space    used 481K, committed 640K, reserved 1048576K
}
Event: 4.667 GC heap after
{Heap after GC invocations=9 (full 0):
 garbage-first heap   total 154624K, used 33252K [0x00000000a0c00000, 0x0000000100000000)
  region size 1024K, 2 young (2048K), 2 survivors (2048K)
 Metaspace       used 5070K, committed 5312K, reserved 1114112K
  class space    used 481K, committed 640K, reserved 1048576K
}
Event: 5.939 GC heap before
{Heap before GC invocations=9 (full 0):
 garbage-first heap   total 154624K, used 105956K [0x00000000a0c00000, 0x0000000100000000)
  region size 1024K, 73 young (74752K), 2 survivors (2048K)
 Metaspace       used 9229K, committed 9472K, reserved 1114112K
  class space    used 1028K, committed 1152K, reserved 1048576K
}
Event: 5.944 GC heap after
{Heap after GC invocations=10 (full 0):
 garbage-first heap   total 154624K, used 36388K [0x00000000a0c00000, 0x0000000100000000)
  region size 1024K, 5 young (5120K), 5 survivors (5120K)
 Metaspace       used 9229K, committed 9472K, reserved 1114112K
  class space    used 1028K, committed 1152K, reserved 1048576K
}

