# JRE version: Java(TM) SE Runtime Environment (17.0.9+11) (build 17.0.9+11-LTS-201)
# Java VM: Java HotSpot(TM) 64-Bit Server VM (17.0.9+11-LTS-201, mixed mode, sharing, tiered, compressed oops, compressed class ptrs, g1 gc, windows-amd64)
GC Precious Log:
 CPUs: 4 total, 4 available
 Memory: 6092M
 Large Page Support: Disabled
 NUMA Support: Disabled
 Compressed Oops: Enabled (32-bit)
 Heap Region Size: 1M
 Heap Min Capacity: 8M
 Heap Initial Capacity: 96M
 Heap Max Capacity: 1524M
 Pre-touch: Disabled
 Parallel Workers: 4
 Concurrent Workers: 1
 Concurrent Refinement Workers: 4
 Periodic GC: Disabled
Heap:
 garbage-first heap   total 118784K, used 65844K [0x00000000a0c00000, 0x0000000100000000)
  region size 1024K, 34 young (34816K), 6 survivors (6144K)
 Metaspace       used 16730K, committed 17088K, reserved 1114112K
  class space    used 1906K, committed 2048K, reserved 1048576K
GC Heap History (20 events):
Event: 1.616 GC heap before
{Heap before GC invocations=0 (full 0):
 garbage-first heap   total 98304K, used 21504K [0x00000000a0c00000, 0x0000000100000000)
  region size 1024K, 13 young (13312K), 0 survivors (0K)
 Metaspace       used 2053K, committed 2304K, reserved 1114112K
  class space    used 186K, committed 320K, reserved 1048576K
}
Event: 1.624 GC heap after
{Heap after GC invocations=1 (full 0):
 garbage-first heap   total 98304K, used 9747K [0x00000000a0c00000, 0x0000000100000000)
  region size 1024K, 2 young (2048K), 2 survivors (2048K)
 Metaspace       used 2053K, committed 2304K, reserved 1114112K
  class space    used 186K, committed 320K, reserved 1048576K
}
Event: 2.212 GC heap before
{Heap before GC invocations=1 (full 0):
 garbage-first heap   total 98304K, used 22035K [0x00000000a0c00000, 0x0000000100000000)
  region size 1024K, 15 young (15360K), 2 survivors (2048K)
 Metaspace       used 2804K, committed 3008K, reserved 1114112K
  class space    used 269K, committed 384K, reserved 1048576K
}
Event: 2.216 GC heap after
{Heap after GC invocations=2 (full 0):
 garbage-first heap   total 98304K, used 11130K [0x00000000a0c00000, 0x0000000100000000)
  region size 1024K, 2 young (2048K), 2 survivors (2048K)
 Metaspace       used 2804K, committed 3008K, reserved 1114112K
  class space    used 269K, committed 384K, reserved 1048576K
}
Event: 2.925 GC heap before
{Heap before GC invocations=2 (full 0):
 garbage-first heap   total 98304K, used 32634K [0x00000000a0c00000, 0x0000000100000000)
  region size 1024K, 24 young (24576K), 2 survivors (2048K)
 Metaspace       used 4867K, committed 5056K, reserved 1114112K
  class space    used 472K, committed 576K, reserved 1048576K
}
Event: 2.932 GC heap after
{Heap after GC invocations=3 (full 0):
 garbage-first heap   total 98304K, used 14236K [0x00000000a0c00000, 0x0000000100000000)
  region size 1024K, 3 young (3072K), 3 survivors (3072K)
 Metaspace       used 4867K, committed 5056K, reserved 1114112K
  class space    used 472K, committed 576K, reserved 1048576K
}
Event: 3.526 GC heap before
{Heap before GC invocations=3 (full 0):
 garbage-first heap   total 98304K, used 53148K [0x00000000a0c00000, 0x0000000100000000)
  region size 1024K, 39 young (39936K), 3 survivors (3072K)
 Metaspace       used 4902K, committed 5120K, reserved 1114112K
  class space    used 472K, committed 576K, reserved 1048576K
}
Event: 3.539 GC heap after
{Heap after GC invocations=4 (full 0):
 garbage-first heap   total 98304K, used 20365K [0x00000000a0c00000, 0x0000000100000000)
  region size 1024K, 5 young (5120K), 5 survivors (5120K)
 Metaspace       used 4902K, committed 5120K, reserved 1114112K
  class space    used 472K, committed 576K, reserved 1048576K
}
Event: 3.722 GC heap before
{Heap before GC invocations=4 (full 0):
 garbage-first heap   total 98304K, used 66445K [0x00000000a0c00000, 0x0000000100000000)
  region size 1024K, 50 young (51200K), 5 survivors (5120K)
 Metaspace       used 4902K, committed 5120K, reserved 1114112K
  class space    used 472K, committed 576K, reserved 1048576K
}
Event: 3.731 GC heap after
{Heap after GC invocations=5 (full 0):
 garbage-first heap   total 98304K, used 21314K [0x00000000a0c00000, 0x0000000100000000)
  region size 1024K, 4 young (4096K), 4 survivors (4096K)
 Metaspace       used 4902K, committed 5120K, reserved 1114112K
  class space    used 472K, committed 576K, reserved 1048576K
}
Event: 5.077 GC heap before
{Heap before GC invocations=5 (full 0):
 garbage-first heap   total 98304K, used 75586K [0x00000000a0c00000, 0x0000000100000000)
  region size 1024K, 57 young (58368K), 4 survivors (4096K)
 Metaspace       used 5071K, committed 5376K, reserved 1114112K
  class space    used 481K, committed 640K, reserved 1048576K
}
Event: 5.091 GC heap after
{Heap after GC invocations=6 (full 0):
 garbage-first heap   total 98304K, used 25291K [0x00000000a0c00000, 0x0000000100000000)
  region size 1024K, 8 young (8192K), 8 survivors (8192K)
 Metaspace       used 5071K, committed 5376K, reserved 1114112K
  class space    used 481K, committed 640K, reserved 1048576K
}
Event: 5.624 GC heap before
{Heap before GC invocations=6 (full 0):
 garbage-first heap   total 98304K, used 76491K [0x00000000a0c00000, 0x0000000100000000)
  region size 1024K, 56 young (57344K), 8 survivors (8192K)
 Metaspace       used 5093K, committed 5376K, reserved 1114112K
  class space    used 481K, committed 640K, reserved 1048576K
}
Event: 5.636 GC heap after
{Heap after GC invocations=7 (full 0):
 garbage-first heap   total 118784K, used 30802K [0x00000000a0c00000, 0x0000000100000000)
  region size 1024K, 4 young (4096K), 4 survivors (4096K)
 Metaspace       used 5093K, committed 5376K, reserved 1114112K
  class space    used 481K, committed 640K, reserved 1048576K
}
Event: 5.721 GC heap before
{Heap before GC invocations=7 (full 0):
 garbage-first heap   total 118784K, used 88146K [0x00000000a0c00000, 0x0000000100000000)
  region size 1024K, 60 young (61440K), 4 survivors (4096K)
 Metaspace       used 5093K, committed 5376K, reserved 1114112K
  class space    used 481K, committed 640K, reserved 1048576K
}
Event: 5.726 GC heap after
{Heap after GC invocations=8 (full 0):
 garbage-first heap   total 118784K, used 32604K [0x00000000a0c00000, 0x0000000100000000)
  region size 1024K, 6 young (6144K), 6 survivors (6144K)
 Metaspace       used 5093K, committed 5376K, reserved 1114112K
  class space    used 481K, committed 640K, reserved 1048576K
}
Event: 6.509 GC heap before
{Heap before GC invocations=8 (full 0):
 garbage-first heap   total 118784K, used 88924K [0x00000000a0c00000, 0x0000000100000000)
  region size 1024K, 61 young (62464K), 6 survivors (6144K)
 Metaspace       used 5365K, committed 5568K, reserved 1114112K
  class space    used 514K, committed 640K, reserved 1048576K
}
Event: 6.519 GC heap after
{Heap after GC invocations=9 (full 0):
 garbage-first heap   total 118784K, used 35543K [0x00000000a0c00000, 0x0000000100000000)
  region size 1024K, 5 young (5120K), 5 survivors (5120K)
 Metaspace       used 5365K, committed 5568K, reserved 1114112K
  class space    used 514K, committed 640K, reserved 1048576K
}
Event: 7.469 GC heap before
{Heap before GC invocations=9 (full 0):
 garbage-first heap   total 118784K, used 90839K [0x00000000a0c00000, 0x0000000100000000)
  region size 1024K, 59 young (60416K), 5 survivors (5120K)
 Metaspace       used 11815K, committed 12096K, reserved 1114112K
  class space    used 1327K, committed 1472K, reserved 1048576K
}
Event: 7.481 GC heap after
{Heap after GC invocations=10 (full 0):
 garbage-first heap   total 118784K, used 38196K [0x00000000a0c00000, 0x0000000100000000)
  region size 1024K, 6 young (6144K), 6 survivors (6144K)
 Metaspace       used 11815K, committed 12096K, reserved 1114112K
  class space    used 1327K, committed 1472K, reserved 1048576K
}

