# JRE version: Java(TM) SE Runtime Environment (17.0.9+11) (build 17.0.9+11-LTS-201)
# Java VM: Java HotSpot(TM) 64-Bit Server VM (17.0.9+11-LTS-201, mixed mode, sharing, tiered, compressed oops, compressed class ptrs, g1 gc, windows-amd64)
GC Precious Log:
 CPUs: 4 total, 4 available
 Memory: 6092M
 Large Page Support: Disabled
 NUMA Support: Disabled
 Compressed Oops: Enabled (32-bit)
 Heap Region Size: 1M
 Heap Min Capacity: 8M
 Heap Initial Capacity: 96M
 Heap Max Capacity: 1524M
 Pre-touch: Disabled
 Parallel Workers: 4
 Concurrent Workers: 1
 Concurrent Refinement Workers: 4
 Periodic GC: Disabled
Heap:
 garbage-first heap   total 517120K, used 465920K [0x00000000a0c00000, 0x0000000100000000)
  region size 1024K, 4 young (4096K), 4 survivors (4096K)
 Metaspace       used 109088K, committed 110848K, reserved 1179648K
  class space    used 16178K, committed 16960K, reserved 1048576K
GC Heap History (20 events):
Event: 85.076 GC heap after
{Heap after GC invocations=75 (full 0):
 garbage-first heap   total 517120K, used 337496K [0x00000000a0c00000, 0x0000000100000000)
  region size 1024K, 6 young (6144K), 6 survivors (6144K)
 Metaspace       used 104749K, committed 106368K, reserved 1179648K
  class space    used 15578K, committed 16256K, reserved 1048576K
}
Event: 85.830 GC heap before
{Heap before GC invocations=75 (full 0):
 garbage-first heap   total 517120K, used 437848K [0x00000000a0c00000, 0x0000000100000000)
  region size 1024K, 105 young (107520K), 6 survivors (6144K)
 Metaspace       used 104926K, committed 106560K, reserved 1179648K
  class space    used 15605K, committed 16320K, reserved 1048576K
}
Event: 85.844 GC heap after
{Heap after GC invocations=76 (full 0):
 garbage-first heap   total 517120K, used 343640K [0x00000000a0c00000, 0x0000000100000000)
  region size 1024K, 12 young (12288K), 12 survivors (12288K)
 Metaspace       used 104926K, committed 106560K, reserved 1179648K
  class space    used 15605K, committed 16320K, reserved 1048576K
}
Event: 86.612 GC heap before
{Heap before GC invocations=76 (full 0):
 garbage-first heap   total 517120K, used 441944K [0x00000000a0c00000, 0x0000000100000000)
  region size 1024K, 108 young (110592K), 12 survivors (12288K)
 Metaspace       used 105639K, committed 107264K, reserved 1179648K
  class space    used 15701K, committed 16384K, reserved 1048576K
}
Event: 86.635 GC heap after
{Heap after GC invocations=77 (full 0):
 garbage-first heap   total 517120K, used 349042K [0x00000000a0c00000, 0x0000000100000000)
  region size 1024K, 12 young (12288K), 12 survivors (12288K)
 Metaspace       used 105639K, committed 107264K, reserved 1179648K
  class space    used 15701K, committed 16384K, reserved 1048576K
}
Event: 87.164 GC heap before
{Heap before GC invocations=77 (full 0):
 garbage-first heap   total 517120K, used 444274K [0x00000000a0c00000, 0x0000000100000000)
  region size 1024K, 105 young (107520K), 12 survivors (12288K)
 Metaspace       used 105641K, committed 107264K, reserved 1179648K
  class space    used 15701K, committed 16384K, reserved 1048576K
}
Event: 87.186 GC heap after
{Heap after GC invocations=78 (full 0):
 garbage-first heap   total 517120K, used 354467K [0x00000000a0c00000, 0x0000000100000000)
  region size 1024K, 11 young (11264K), 11 survivors (11264K)
 Metaspace       used 105641K, committed 107264K, reserved 1179648K
  class space    used 15701K, committed 16384K, reserved 1048576K
}
Event: 88.434 GC heap before
{Heap before GC invocations=78 (full 0):
 garbage-first heap   total 517120K, used 445603K [0x00000000a0c00000, 0x0000000100000000)
  region size 1024K, 100 young (102400K), 11 survivors (11264K)
 Metaspace       used 107822K, committed 109504K, reserved 1179648K
  class space    used 16005K, committed 16768K, reserved 1048576K
}
Event: 88.468 GC heap after
{Heap after GC invocations=79 (full 0):
 garbage-first heap   total 517120K, used 358400K [0x00000000a0c00000, 0x0000000100000000)
  region size 1024K, 9 young (9216K), 9 survivors (9216K)
 Metaspace       used 107822K, committed 109504K, reserved 1179648K
  class space    used 16005K, committed 16768K, reserved 1048576K
}
Event: 93.471 GC heap before
{Heap before GC invocations=79 (full 0):
 garbage-first heap   total 517120K, used 447488K [0x00000000a0c00000, 0x0000000100000000)
  region size 1024K, 97 young (99328K), 9 survivors (9216K)
 Metaspace       used 109050K, committed 110720K, reserved 1179648K
  class space    used 16170K, committed 16896K, reserved 1048576K
}
Event: 93.500 GC heap after
{Heap after GC invocations=80 (full 0):
 garbage-first heap   total 517120K, used 369939K [0x00000000a0c00000, 0x0000000100000000)
  region size 1024K, 13 young (13312K), 13 survivors (13312K)
 Metaspace       used 109050K, committed 110720K, reserved 1179648K
  class space    used 16170K, committed 16896K, reserved 1048576K
}
Event: 93.754 GC heap before
{Heap before GC invocations=80 (full 0):
 garbage-first heap   total 517120K, used 441619K [0x00000000a0c00000, 0x0000000100000000)
  region size 1024K, 84 young (86016K), 13 survivors (13312K)
 Metaspace       used 109081K, committed 110848K, reserved 1179648K
  class space    used 16178K, committed 16960K, reserved 1048576K
}
Event: 93.844 GC heap after
{Heap after GC invocations=81 (full 0):
 garbage-first heap   total 517120K, used 411648K [0x00000000a0c00000, 0x0000000100000000)
  region size 1024K, 11 young (11264K), 11 survivors (11264K)
 Metaspace       used 109081K, committed 110848K, reserved 1179648K
  class space    used 16178K, committed 16960K, reserved 1048576K
}
Event: 93.926 GC heap before
{Heap before GC invocations=81 (full 0):
 garbage-first heap   total 517120K, used 438272K [0x00000000a0c00000, 0x0000000100000000)
  region size 1024K, 37 young (37888K), 11 survivors (11264K)
 Metaspace       used 109086K, committed 110848K, reserved 1179648K
  class space    used 16178K, committed 16960K, reserved 1048576K
}
Event: 93.977 GC heap after
{Heap after GC invocations=82 (full 0):
 garbage-first heap   total 517120K, used 428032K [0x00000000a0c00000, 0x0000000100000000)
  region size 1024K, 5 young (5120K), 5 survivors (5120K)
 Metaspace       used 109086K, committed 110848K, reserved 1179648K
  class space    used 16178K, committed 16960K, reserved 1048576K
}
Event: 94.048 GC heap before
{Heap before GC invocations=82 (full 0):
 garbage-first heap   total 517120K, used 448512K [0x00000000a0c00000, 0x0000000100000000)
  region size 1024K, 25 young (25600K), 5 survivors (5120K)
 Metaspace       used 109086K, committed 110848K, reserved 1179648K
  class space    used 16178K, committed 16960K, reserved 1048576K
}
Event: 94.082 GC heap after
{Heap after GC invocations=83 (full 0):
 garbage-first heap   total 517120K, used 440320K [0x00000000a0c00000, 0x0000000100000000)
  region size 1024K, 4 young (4096K), 4 survivors (4096K)
 Metaspace       used 109086K, committed 110848K, reserved 1179648K
  class space    used 16178K, committed 16960K, reserved 1048576K
}
Event: 94.193 GC heap before
{Heap before GC invocations=83 (full 0):
 garbage-first heap   total 517120K, used 461823K [0x00000000a0c00000, 0x0000000100000000)
  region size 1024K, 25 young (25600K), 4 survivors (4096K)
 Metaspace       used 109086K, committed 110848K, reserved 1179648K
  class space    used 16178K, committed 16960K, reserved 1048576K
}
Event: 94.222 GC heap after
{Heap after GC invocations=84 (full 0):
 garbage-first heap   total 517120K, used 453632K [0x00000000a0c00000, 0x0000000100000000)
  region size 1024K, 4 young (4096K), 4 survivors (4096K)
 Metaspace       used 109086K, committed 110848K, reserved 1179648K
  class space    used 16178K, committed 16960K, reserved 1048576K
}
Event: 94.301 GC heap before
{Heap before GC invocations=84 (full 0):
 garbage-first heap   total 517120K, used 475136K [0x00000000a0c00000, 0x0000000100000000)
  region size 1024K, 25 young (25600K), 4 survivors (4096K)
 Metaspace       used 109088K, committed 110848K, reserved 1179648K
  class space    used 16178K, committed 16960K, reserved 1048576K
}

