# JRE version: OpenJDK Runtime Environment Temurin-17.0.9+9 (17.0.9+9) (build 17.0.9+9)
# Java VM: OpenJDK 64-Bit Server VM Temurin-17.0.9+9 (17.0.9+9, mixed mode, sharing, tiered, compressed oops, compressed class ptrs, g1 gc, windows-amd64)
GC Precious Log:
 CPUs: 4 total, 4 available
 Memory: 6092M
 Large Page Support: Disabled
 NUMA Support: Disabled
 Compressed Oops: Enabled (32-bit)
 Heap Region Size: 1M
 Heap Min Capacity: 8M
 Heap Initial Capacity: 96M
 Heap Max Capacity: 1524M
 Pre-touch: Disabled
 Parallel Workers: 4
 Concurrent Workers: 1
 Concurrent Refinement Workers: 4
 Periodic GC: Disabled
Heap:
 garbage-first heap   total 147456K, used 83517K [0x00000000a0c00000, 0x0000000100000000)
  region size 1024K, 54 young (55296K), 5 survivors (5120K)
 Metaspace       used 16733K, committed 17088K, reserved 1114112K
  class space    used 1905K, committed 2048K, reserved 1048576K
GC Heap History (20 events):
Event: 3.008 GC heap before
{Heap before GC invocations=0 (full 0):
 garbage-first heap   total 98304K, used 21504K [0x00000000a0c00000, 0x0000000100000000)
  region size 1024K, 13 young (13312K), 0 survivors (0K)
 Metaspace       used 2067K, committed 2304K, reserved 1114112K
  class space    used 187K, committed 320K, reserved 1048576K
}
Event: 3.023 GC heap after
{Heap after GC invocations=1 (full 0):
 garbage-first heap   total 98304K, used 9891K [0x00000000a0c00000, 0x0000000100000000)
  region size 1024K, 2 young (2048K), 2 survivors (2048K)
 Metaspace       used 2067K, committed 2304K, reserved 1114112K
  class space    used 187K, committed 320K, reserved 1048576K
}
Event: 4.074 GC heap before
{Heap before GC invocations=1 (full 0):
 garbage-first heap   total 98304K, used 22179K [0x00000000a0c00000, 0x0000000100000000)
  region size 1024K, 14 young (14336K), 2 survivors (2048K)
 Metaspace       used 2708K, committed 2944K, reserved 1114112K
  class space    used 263K, committed 384K, reserved 1048576K
}
Event: 4.079 GC heap after
{Heap after GC invocations=2 (full 0):
 garbage-first heap   total 98304K, used 11152K [0x00000000a0c00000, 0x0000000100000000)
  region size 1024K, 2 young (2048K), 2 survivors (2048K)
 Metaspace       used 2708K, committed 2944K, reserved 1114112K
  class space    used 263K, committed 384K, reserved 1048576K
}
Event: 6.724 GC heap before
{Heap before GC invocations=2 (full 0):
 garbage-first heap   total 98304K, used 32656K [0x00000000a0c00000, 0x0000000100000000)
  region size 1024K, 23 young (23552K), 2 survivors (2048K)
 Metaspace       used 4865K, committed 5120K, reserved 1114112K
  class space    used 471K, committed 576K, reserved 1048576K
}
Event: 6.730 GC heap after
{Heap after GC invocations=3 (full 0):
 garbage-first heap   total 98304K, used 13726K [0x00000000a0c00000, 0x0000000100000000)
  region size 1024K, 3 young (3072K), 3 survivors (3072K)
 Metaspace       used 4865K, committed 5120K, reserved 1114112K
  class space    used 471K, committed 576K, reserved 1048576K
}
Event: 7.341 GC heap before
{Heap before GC invocations=3 (full 0):
 garbage-first heap   total 98304K, used 66974K [0x00000000a0c00000, 0x0000000100000000)
  region size 1024K, 53 young (54272K), 3 survivors (3072K)
 Metaspace       used 4897K, committed 5120K, reserved 1114112K
  class space    used 471K, committed 576K, reserved 1048576K
}
Event: 7.352 GC heap after
{Heap after GC invocations=4 (full 0):
 garbage-first heap   total 98304K, used 20035K [0x00000000a0c00000, 0x0000000100000000)
  region size 1024K, 7 young (7168K), 7 survivors (7168K)
 Metaspace       used 4897K, committed 5120K, reserved 1114112K
  class space    used 471K, committed 576K, reserved 1048576K
}
Event: 7.968 GC heap before
{Heap before GC invocations=4 (full 0):
 garbage-first heap   total 98304K, used 69187K [0x00000000a0c00000, 0x0000000100000000)
  region size 1024K, 55 young (56320K), 7 survivors (7168K)
 Metaspace       used 4936K, committed 5184K, reserved 1114112K
  class space    used 471K, committed 576K, reserved 1048576K
}
Event: 7.977 GC heap after
{Heap after GC invocations=5 (full 0):
 garbage-first heap   total 98304K, used 21405K [0x00000000a0c00000, 0x0000000100000000)
  region size 1024K, 2 young (2048K), 2 survivors (2048K)
 Metaspace       used 4936K, committed 5184K, reserved 1114112K
  class space    used 471K, committed 576K, reserved 1048576K
}
Event: 9.001 GC heap before
{Heap before GC invocations=5 (full 0):
 garbage-first heap   total 98304K, used 72605K [0x00000000a0c00000, 0x0000000100000000)
  region size 1024K, 52 young (53248K), 2 survivors (2048K)
 Metaspace       used 5074K, committed 5312K, reserved 1114112K
  class space    used 481K, committed 640K, reserved 1048576K
}
Event: 9.007 GC heap after
{Heap after GC invocations=6 (full 0):
 garbage-first heap   total 98304K, used 23943K [0x00000000a0c00000, 0x0000000100000000)
  region size 1024K, 5 young (5120K), 5 survivors (5120K)
 Metaspace       used 5074K, committed 5312K, reserved 1114112K
  class space    used 481K, committed 640K, reserved 1048576K
}
Event: 9.373 GC heap before
{Heap before GC invocations=6 (full 0):
 garbage-first heap   total 98304K, used 76167K [0x00000000a0c00000, 0x0000000100000000)
  region size 1024K, 54 young (55296K), 5 survivors (5120K)
 Metaspace       used 5093K, committed 5312K, reserved 1114112K
  class space    used 481K, committed 640K, reserved 1048576K
}
Event: 9.381 GC heap after
{Heap after GC invocations=7 (full 0):
 garbage-first heap   total 98304K, used 30641K [0x00000000a0c00000, 0x0000000100000000)
  region size 1024K, 7 young (7168K), 7 survivors (7168K)
 Metaspace       used 5093K, committed 5312K, reserved 1114112K
  class space    used 481K, committed 640K, reserved 1048576K
}
Event: 9.431 GC heap before
{Heap before GC invocations=7 (full 0):
 garbage-first heap   total 98304K, used 75697K [0x00000000a0c00000, 0x0000000100000000)
  region size 1024K, 51 young (52224K), 7 survivors (7168K)
 Metaspace       used 5093K, committed 5312K, reserved 1114112K
  class space    used 481K, committed 640K, reserved 1048576K
}
Event: 9.439 GC heap after
{Heap after GC invocations=8 (full 0):
 garbage-first heap   total 98304K, used 32150K [0x00000000a0c00000, 0x0000000100000000)
  region size 1024K, 2 young (2048K), 2 survivors (2048K)
 Metaspace       used 5093K, committed 5312K, reserved 1114112K
  class space    used 481K, committed 640K, reserved 1048576K
}
Event: 9.605 GC heap before
{Heap before GC invocations=8 (full 0):
 garbage-first heap   total 98304K, used 77206K [0x00000000a0c00000, 0x0000000100000000)
  region size 1024K, 46 young (47104K), 2 survivors (2048K)
 Metaspace       used 5093K, committed 5312K, reserved 1114112K
  class space    used 481K, committed 640K, reserved 1048576K
}
Event: 9.608 GC heap after
{Heap after GC invocations=9 (full 0):
 garbage-first heap   total 147456K, used 32170K [0x00000000a0c00000, 0x0000000100000000)
  region size 1024K, 2 young (2048K), 2 survivors (2048K)
 Metaspace       used 5093K, committed 5312K, reserved 1114112K
  class space    used 481K, committed 640K, reserved 1048576K
}
Event: 11.261 GC heap before
{Heap before GC invocations=9 (full 0):
 garbage-first heap   total 147456K, used 115114K [0x00000000a0c00000, 0x0000000100000000)
  region size 1024K, 83 young (84992K), 2 survivors (2048K)
 Metaspace       used 9468K, committed 9792K, reserved 1114112K
  class space    used 1059K, committed 1216K, reserved 1048576K
}
Event: 11.268 GC heap after
{Heap after GC invocations=10 (full 0):
 garbage-first heap   total 147456K, used 35389K [0x00000000a0c00000, 0x0000000100000000)
  region size 1024K, 5 young (5120K), 5 survivors (5120K)
 Metaspace       used 9468K, committed 9792K, reserved 1114112K
  class space    used 1059K, committed 1216K, reserved 1048576K
}

