# JRE version: Java(TM) SE Runtime Environment (17.0.9+11) (build 17.0.9+11-LTS-201)
# Java VM: Java HotSpot(TM) 64-Bit Server VM (17.0.9+11-LTS-201, mixed mode, sharing, tiered, compressed oops, compressed class ptrs, g1 gc, windows-amd64)
GC Precious Log:
 CPUs: 4 total, 4 available
 Memory: 3911M
 Large Page Support: Disabled
 NUMA Support: Disabled
 Compressed Oops: Enabled (32-bit)
 Heap Region Size: 1M
 Heap Min Capacity: 8M
 Heap Initial Capacity: 62M
 Heap Max Capacity: 978M
 Pre-touch: Disabled
 Parallel Workers: 4
 Concurrent Workers: 1
 Concurrent Refinement Workers: 4
 Periodic GC: Disabled
Heap:
 garbage-first heap   total 591872K, used 450560K [0x00000000c2e00000, 0x0000000100000000)
  region size 1024K, 24 young (24576K), 3 survivors (3072K)
 Metaspace       used 107376K, committed 109056K, reserved 1179648K
  class space    used 15740K, committed 16512K, reserved 1048576K
GC Heap History (20 events):
Event: 199.788 GC heap before
{Heap before GC invocations=80 (full 0):
 garbage-first heap   total 478208K, used 412112K [0x00000000c2e00000, 0x0000000100000000)
  region size 1024K, 90 young (92160K), 5 survivors (5120K)
 Metaspace       used 103998K, committed 105664K, reserved 1179648K
  class space    used 15302K, committed 16064K, reserved 1048576K
}
Event: 199.839 GC heap after
{Heap after GC invocations=81 (full 0):
 garbage-first heap   total 478208K, used 328014K [0x00000000c2e00000, 0x0000000100000000)
  region size 1024K, 8 young (8192K), 8 survivors (8192K)
 Metaspace       used 103998K, committed 105664K, reserved 1179648K
  class space    used 15302K, committed 16064K, reserved 1048576K
}
Event: 200.789 GC heap before
{Heap before GC invocations=81 (full 0):
 garbage-first heap   total 478208K, used 413006K [0x00000000c2e00000, 0x0000000100000000)
  region size 1024K, 91 young (93184K), 8 survivors (8192K)
 Metaspace       used 104002K, committed 105664K, reserved 1179648K
  class space    used 15302K, committed 16064K, reserved 1048576K
}
Event: 200.836 GC heap after
{Heap after GC invocations=82 (full 0):
 garbage-first heap   total 478208K, used 332385K [0x00000000c2e00000, 0x0000000100000000)
  region size 1024K, 8 young (8192K), 8 survivors (8192K)
 Metaspace       used 104002K, committed 105664K, reserved 1179648K
  class space    used 15302K, committed 16064K, reserved 1048576K
}
Event: 202.065 GC heap before
{Heap before GC invocations=82 (full 0):
 garbage-first heap   total 478208K, used 415329K [0x00000000c2e00000, 0x0000000100000000)
  region size 1024K, 89 young (91136K), 8 survivors (8192K)
 Metaspace       used 104464K, committed 106176K, reserved 1179648K
  class space    used 15382K, committed 16128K, reserved 1048576K
}
Event: 202.119 GC heap after
{Heap after GC invocations=83 (full 0):
 garbage-first heap   total 478208K, used 336748K [0x00000000c2e00000, 0x0000000100000000)
  region size 1024K, 8 young (8192K), 8 survivors (8192K)
 Metaspace       used 104464K, committed 106176K, reserved 1179648K
  class space    used 15382K, committed 16128K, reserved 1048576K
}
Event: 211.579 GC heap before
{Heap before GC invocations=83 (full 0):
 garbage-first heap   total 478208K, used 416620K [0x00000000c2e00000, 0x0000000100000000)
  region size 1024K, 86 young (88064K), 8 survivors (8192K)
 Metaspace       used 106921K, committed 108608K, reserved 1179648K
  class space    used 15676K, committed 16448K, reserved 1048576K
}
Event: 211.620 GC heap after
{Heap after GC invocations=84 (full 0):
 garbage-first heap   total 478208K, used 338685K [0x00000000c2e00000, 0x0000000100000000)
  region size 1024K, 6 young (6144K), 6 survivors (6144K)
 Metaspace       used 106921K, committed 108608K, reserved 1179648K
  class space    used 15676K, committed 16448K, reserved 1048576K
}
Event: 217.801 GC heap before
{Heap before GC invocations=84 (full 0):
 garbage-first heap   total 478208K, used 418557K [0x00000000c2e00000, 0x0000000100000000)
  region size 1024K, 84 young (86016K), 6 survivors (6144K)
 Metaspace       used 107308K, committed 108992K, reserved 1179648K
  class space    used 15736K, committed 16512K, reserved 1048576K
}
Event: 217.916 GC heap after
{Heap after GC invocations=85 (full 0):
 garbage-first heap   total 478208K, used 359800K [0x00000000c2e00000, 0x0000000100000000)
  region size 1024K, 11 young (11264K), 11 survivors (11264K)
 Metaspace       used 107308K, committed 108992K, reserved 1179648K
  class space    used 15736K, committed 16512K, reserved 1048576K
}
Event: 218.381 GC heap before
{Heap before GC invocations=85 (full 0):
 garbage-first heap   total 478208K, used 401784K [0x00000000c2e00000, 0x0000000100000000)
  region size 1024K, 52 young (53248K), 11 survivors (11264K)
 Metaspace       used 107336K, committed 109056K, reserved 1179648K
  class space    used 15739K, committed 16512K, reserved 1048576K
}
Event: 218.538 GC heap after
{Heap after GC invocations=86 (full 0):
 garbage-first heap   total 478208K, used 387072K [0x00000000c2e00000, 0x0000000100000000)
  region size 1024K, 7 young (7168K), 7 survivors (7168K)
 Metaspace       used 107336K, committed 109056K, reserved 1179648K
  class space    used 15739K, committed 16512K, reserved 1048576K
}
Event: 218.955 GC heap before
{Heap before GC invocations=86 (full 0):
 garbage-first heap   total 478208K, used 405504K [0x00000000c2e00000, 0x0000000100000000)
  region size 1024K, 26 young (26624K), 7 survivors (7168K)
 Metaspace       used 107338K, committed 109056K, reserved 1179648K
  class space    used 15740K, committed 16512K, reserved 1048576K
}
Event: 219.050 GC heap after
{Heap after GC invocations=87 (full 0):
 garbage-first heap   total 478208K, used 399360K [0x00000000c2e00000, 0x0000000100000000)
  region size 1024K, 4 young (4096K), 4 survivors (4096K)
 Metaspace       used 107338K, committed 109056K, reserved 1179648K
  class space    used 15740K, committed 16512K, reserved 1048576K
}
Event: 219.403 GC heap before
{Heap before GC invocations=87 (full 0):
 garbage-first heap   total 478208K, used 418816K [0x00000000c2e00000, 0x0000000100000000)
  region size 1024K, 23 young (23552K), 4 survivors (4096K)
 Metaspace       used 107343K, committed 109056K, reserved 1179648K
  class space    used 15740K, committed 16512K, reserved 1048576K
}
Event: 219.481 GC heap after
{Heap after GC invocations=88 (full 0):
 garbage-first heap   total 478208K, used 411648K [0x00000000c2e00000, 0x0000000100000000)
  region size 1024K, 3 young (3072K), 3 survivors (3072K)
 Metaspace       used 107343K, committed 109056K, reserved 1179648K
  class space    used 15740K, committed 16512K, reserved 1048576K
}
Event: 219.860 GC heap before
{Heap before GC invocations=88 (full 0):
 garbage-first heap   total 478208K, used 432128K [0x00000000c2e00000, 0x0000000100000000)
  region size 1024K, 23 young (23552K), 3 survivors (3072K)
 Metaspace       used 107345K, committed 109056K, reserved 1179648K
  class space    used 15740K, committed 16512K, reserved 1048576K
}
Event: 219.946 GC heap after
{Heap after GC invocations=89 (full 0):
 garbage-first heap   total 478208K, used 424448K [0x00000000c2e00000, 0x0000000100000000)
  region size 1024K, 3 young (3072K), 3 survivors (3072K)
 Metaspace       used 107345K, committed 109056K, reserved 1179648K
  class space    used 15740K, committed 16512K, reserved 1048576K
}
Event: 220.273 GC heap before
{Heap before GC invocations=89 (full 0):
 garbage-first heap   total 478208K, used 444928K [0x00000000c2e00000, 0x0000000100000000)
  region size 1024K, 23 young (23552K), 3 survivors (3072K)
 Metaspace       used 107351K, committed 109056K, reserved 1179648K
  class space    used 15740K, committed 16512K, reserved 1048576K
}
Event: 220.339 GC heap after
{Heap after GC invocations=90 (full 0):
 garbage-first heap   total 591872K, used 437248K [0x00000000c2e00000, 0x0000000100000000)
  region size 1024K, 3 young (3072K), 3 survivors (3072K)
 Metaspace       used 107351K, committed 109056K, reserved 1179648K
  class space    used 15740K, committed 16512K, reserved 1048576K
}

