# JRE version: Java(TM) SE Runtime Environment (17.0.9+11) (build 17.0.9+11-LTS-201)
# Java VM: Java HotSpot(TM) 64-Bit Server VM (17.0.9+11-LTS-201, mixed mode, sharing, tiered, compressed oops, compressed class ptrs, g1 gc, windows-amd64)
GC Precious Log:
 CPUs: 4 total, 4 available
 Memory: 6092M
 Large Page Support: Disabled
 NUMA Support: Disabled
 Compressed Oops: Enabled (32-bit)
 Heap Region Size: 1M
 Heap Min Capacity: 8M
 Heap Initial Capacity: 96M
 Heap Max Capacity: 1524M
 Pre-touch: Disabled
 Parallel Workers: 4
 Concurrent Workers: 1
 Concurrent Refinement Workers: 4
 Periodic GC: Disabled
Heap:
 garbage-first heap   total 288768K, used 162469K [0x00000000a0c00000, 0x0000000100000000)
  region size 1024K, 2 young (2048K), 2 survivors (2048K)
 Metaspace       used 58873K, committed 60096K, reserved 1114112K
  class space    used 8335K, committed 8896K, reserved 1048576K
GC Heap History (20 events):
Event: 17.015 GC heap after
{Heap after GC invocations=28 (full 0):
 garbage-first heap   total 222208K, used 99876K [0x00000000a0c00000, 0x0000000100000000)
  region size 1024K, 8 young (8192K), 8 survivors (8192K)
 Metaspace       used 41888K, committed 43136K, reserved 1114112K
  class space    used 5000K, committed 5504K, reserved 1048576K
}
Event: 17.817 GC heap before
{Heap before GC invocations=28 (full 0):
 garbage-first heap   total 222208K, used 187940K [0x00000000a0c00000, 0x0000000100000000)
  region size 1024K, 95 young (97280K), 8 survivors (8192K)
 Metaspace       used 45350K, committed 46528K, reserved 1114112K
  class space    used 5689K, committed 6208K, reserved 1048576K
}
Event: 17.833 GC heap after
{Heap after GC invocations=29 (full 0):
 garbage-first heap   total 222208K, used 103516K [0x00000000a0c00000, 0x0000000100000000)
  region size 1024K, 9 young (9216K), 9 survivors (9216K)
 Metaspace       used 45350K, committed 46528K, reserved 1114112K
  class space    used 5689K, committed 6208K, reserved 1048576K
}
Event: 18.445 GC heap before
{Heap before GC invocations=29 (full 0):
 garbage-first heap   total 222208K, used 187484K [0x00000000a0c00000, 0x0000000100000000)
  region size 1024K, 91 young (93184K), 9 survivors (9216K)
 Metaspace       used 46501K, committed 47744K, reserved 1114112K
  class space    used 5871K, committed 6464K, reserved 1048576K
}
Event: 18.469 GC heap after
{Heap after GC invocations=30 (full 0):
 garbage-first heap   total 222208K, used 111273K [0x00000000a0c00000, 0x0000000100000000)
  region size 1024K, 12 young (12288K), 12 survivors (12288K)
 Metaspace       used 46501K, committed 47744K, reserved 1114112K
  class space    used 5871K, committed 6464K, reserved 1048576K
}
Event: 18.941 GC heap before
{Heap before GC invocations=30 (full 0):
 garbage-first heap   total 222208K, used 185001K [0x00000000a0c00000, 0x0000000100000000)
  region size 1024K, 84 young (86016K), 12 survivors (12288K)
 Metaspace       used 47373K, committed 48640K, reserved 1114112K
  class space    used 6025K, committed 6592K, reserved 1048576K
}
Event: 18.973 GC heap after
{Heap after GC invocations=31 (full 0):
 garbage-first heap   total 222208K, used 120799K [0x00000000a0c00000, 0x0000000100000000)
  region size 1024K, 9 young (9216K), 9 survivors (9216K)
 Metaspace       used 47373K, committed 48640K, reserved 1114112K
  class space    used 6025K, committed 6592K, reserved 1048576K
}
Event: 19.241 GC heap before
{Heap before GC invocations=31 (full 0):
 garbage-first heap   total 222208K, used 184287K [0x00000000a0c00000, 0x0000000100000000)
  region size 1024K, 71 young (72704K), 9 survivors (9216K)
 Metaspace       used 47590K, committed 48896K, reserved 1114112K
  class space    used 6073K, committed 6656K, reserved 1048576K
}
Event: 19.261 GC heap after
{Heap after GC invocations=32 (full 0):
 garbage-first heap   total 267264K, used 128458K [0x00000000a0c00000, 0x0000000100000000)
  region size 1024K, 8 young (8192K), 8 survivors (8192K)
 Metaspace       used 47590K, committed 48896K, reserved 1114112K
  class space    used 6073K, committed 6656K, reserved 1048576K
}
Event: 19.738 GC heap before
{Heap before GC invocations=33 (full 0):
 garbage-first heap   total 275456K, used 215498K [0x00000000a0c00000, 0x0000000100000000)
  region size 1024K, 93 young (95232K), 8 survivors (8192K)
 Metaspace       used 47897K, committed 49216K, reserved 1114112K
  class space    used 6130K, committed 6720K, reserved 1048576K
}
Event: 19.758 GC heap after
{Heap after GC invocations=34 (full 0):
 garbage-first heap   total 275456K, used 138039K [0x00000000a0c00000, 0x0000000100000000)
  region size 1024K, 10 young (10240K), 10 survivors (10240K)
 Metaspace       used 47897K, committed 49216K, reserved 1114112K
  class space    used 6130K, committed 6720K, reserved 1048576K
}
Event: 19.766 GC heap before
{Heap before GC invocations=34 (full 0):
 garbage-first heap   total 275456K, used 141111K [0x00000000a0c00000, 0x0000000100000000)
  region size 1024K, 13 young (13312K), 10 survivors (10240K)
 Metaspace       used 47897K, committed 49216K, reserved 1114112K
  class space    used 6130K, committed 6720K, reserved 1048576K
}
Event: 19.776 GC heap after
{Heap after GC invocations=35 (full 0):
 garbage-first heap   total 275456K, used 139091K [0x00000000a0c00000, 0x0000000100000000)
  region size 1024K, 2 young (2048K), 2 survivors (2048K)
 Metaspace       used 47897K, committed 49216K, reserved 1114112K
  class space    used 6130K, committed 6720K, reserved 1048576K
}
Event: 20.663 GC heap before
{Heap before GC invocations=35 (full 0):
 garbage-first heap   total 275456K, used 222035K [0x00000000a0c00000, 0x0000000100000000)
  region size 1024K, 84 young (86016K), 2 survivors (2048K)
 Metaspace       used 51562K, committed 52864K, reserved 1114112K
  class space    used 6713K, committed 7296K, reserved 1048576K
}
Event: 20.675 GC heap after
{Heap after GC invocations=36 (full 0):
 garbage-first heap   total 275456K, used 143609K [0x00000000a0c00000, 0x0000000100000000)
  region size 1024K, 7 young (7168K), 7 survivors (7168K)
 Metaspace       used 51562K, committed 52864K, reserved 1114112K
  class space    used 6713K, committed 7296K, reserved 1048576K
}
Event: 21.678 GC heap before
{Heap before GC invocations=37 (full 0):
 garbage-first heap   total 288768K, used 227577K [0x00000000a0c00000, 0x0000000100000000)
  region size 1024K, 87 young (89088K), 7 survivors (7168K)
 Metaspace       used 55025K, committed 56320K, reserved 1114112K
  class space    used 7413K, committed 8000K, reserved 1048576K
}
Event: 21.705 GC heap after
{Heap after GC invocations=38 (full 0):
 garbage-first heap   total 288768K, used 160508K [0x00000000a0c00000, 0x0000000100000000)
  region size 1024K, 11 young (11264K), 11 survivors (11264K)
 Metaspace       used 55025K, committed 56320K, reserved 1114112K
  class space    used 7413K, committed 8000K, reserved 1048576K
}
Event: 21.751 GC heap before
{Heap before GC invocations=38 (full 0):
 garbage-first heap   total 288768K, used 163580K [0x00000000a0c00000, 0x0000000100000000)
  region size 1024K, 14 young (14336K), 11 survivors (11264K)
 Metaspace       used 55106K, committed 56384K, reserved 1114112K
  class space    used 7432K, committed 8000K, reserved 1048576K
}
Event: 21.765 GC heap after
{Heap after GC invocations=39 (full 0):
 garbage-first heap   total 288768K, used 162192K [0x00000000a0c00000, 0x0000000100000000)
  region size 1024K, 2 young (2048K), 2 survivors (2048K)
 Metaspace       used 55106K, committed 56384K, reserved 1114112K
  class space    used 7432K, committed 8000K, reserved 1048576K
}
Event: 22.613 GC heap before
{Heap before GC invocations=39 (full 0):
 garbage-first heap   total 288768K, used 231824K [0x00000000a0c00000, 0x0000000100000000)
  region size 1024K, 70 young (71680K), 2 survivors (2048K)
 Metaspace       used 58873K, committed 60096K, reserved 1114112K
  class space    used 8335K, committed 8896K, reserved 1048576K
}

