# JRE version: Java(TM) SE Runtime Environment (17.0.9+11) (build 17.0.9+11-LTS-201)
# Java VM: Java HotSpot(TM) 64-Bit Server VM (17.0.9+11-LTS-201, mixed mode, sharing, tiered, compressed oops, compressed class ptrs, g1 gc, windows-amd64)
GC Precious Log:
 CPUs: 4 total, 4 available
 Memory: 6092M
 Large Page Support: Disabled
 NUMA Support: Disabled
 Compressed Oops: Enabled (32-bit)
 Heap Region Size: 1M
 Heap Min Capacity: 8M
 Heap Initial Capacity: 96M
 Heap Max Capacity: 1524M
 Pre-touch: Disabled
 Parallel Workers: 4
 Concurrent Workers: 1
 Concurrent Refinement Workers: 4
 Periodic GC: Disabled
Heap:
 garbage-first heap   total 123904K, used 42302K [0x00000000a0c00000, 0x0000000100000000)
  region size 1024K, 11 young (11264K), 8 survivors (8192K)
 Metaspace       used 16731K, committed 17088K, reserved 1114112K
  class space    used 1905K, committed 2048K, reserved 1048576K
GC Heap History (20 events):
Event: 1.285 GC heap before
{Heap before GC invocations=1 (full 0):
 garbage-first heap   total 98304K, used 23131K [0x00000000a0c00000, 0x0000000100000000)
  region size 1024K, 15 young (15360K), 2 survivors (2048K)
 Metaspace       used 2781K, committed 2944K, reserved 1114112K
  class space    used 269K, committed 384K, reserved 1048576K
}
Event: 1.289 GC heap after
{Heap after GC invocations=2 (full 0):
 garbage-first heap   total 98304K, used 11130K [0x00000000a0c00000, 0x0000000100000000)
  region size 1024K, 2 young (2048K), 2 survivors (2048K)
 Metaspace       used 2781K, committed 2944K, reserved 1114112K
  class space    used 269K, committed 384K, reserved 1048576K
}
Event: 2.045 GC heap before
{Heap before GC invocations=2 (full 0):
 garbage-first heap   total 98304K, used 32634K [0x00000000a0c00000, 0x0000000100000000)
  region size 1024K, 24 young (24576K), 2 survivors (2048K)
 Metaspace       used 4830K, committed 5056K, reserved 1114112K
  class space    used 471K, committed 576K, reserved 1048576K
}
Event: 2.051 GC heap after
{Heap after GC invocations=3 (full 0):
 garbage-first heap   total 98304K, used 14142K [0x00000000a0c00000, 0x0000000100000000)
  region size 1024K, 3 young (3072K), 3 survivors (3072K)
 Metaspace       used 4830K, committed 5056K, reserved 1114112K
  class space    used 471K, committed 576K, reserved 1048576K
}
Event: 3.137 GC heap before
{Heap before GC invocations=3 (full 0):
 garbage-first heap   total 98304K, used 54078K [0x00000000a0c00000, 0x0000000100000000)
  region size 1024K, 40 young (40960K), 3 survivors (3072K)
 Metaspace       used 4869K, committed 5056K, reserved 1114112K
  class space    used 471K, committed 576K, reserved 1048576K
}
Event: 3.146 GC heap after
{Heap after GC invocations=4 (full 0):
 garbage-first heap   total 98304K, used 20042K [0x00000000a0c00000, 0x0000000100000000)
  region size 1024K, 5 young (5120K), 5 survivors (5120K)
 Metaspace       used 4869K, committed 5056K, reserved 1114112K
  class space    used 471K, committed 576K, reserved 1048576K
}
Event: 3.307 GC heap before
{Heap before GC invocations=4 (full 0):
 garbage-first heap   total 98304K, used 67146K [0x00000000a0c00000, 0x0000000100000000)
  region size 1024K, 51 young (52224K), 5 survivors (5120K)
 Metaspace       used 4874K, committed 5120K, reserved 1114112K
  class space    used 471K, committed 576K, reserved 1048576K
}
Event: 3.315 GC heap after
{Heap after GC invocations=5 (full 0):
 garbage-first heap   total 98304K, used 22203K [0x00000000a0c00000, 0x0000000100000000)
  region size 1024K, 5 young (5120K), 5 survivors (5120K)
 Metaspace       used 4874K, committed 5120K, reserved 1114112K
  class space    used 471K, committed 576K, reserved 1048576K
}
Event: 4.176 GC heap before
{Heap before GC invocations=5 (full 0):
 garbage-first heap   total 98304K, used 69307K [0x00000000a0c00000, 0x0000000100000000)
  region size 1024K, 51 young (52224K), 5 survivors (5120K)
 Metaspace       used 5016K, committed 5248K, reserved 1114112K
  class space    used 480K, committed 640K, reserved 1048576K
}
Event: 4.184 GC heap after
{Heap after GC invocations=6 (full 0):
 garbage-first heap   total 98304K, used 25291K [0x00000000a0c00000, 0x0000000100000000)
  region size 1024K, 5 young (5120K), 5 survivors (5120K)
 Metaspace       used 5016K, committed 5248K, reserved 1114112K
  class space    used 480K, committed 640K, reserved 1048576K
}
Event: 4.642 GC heap before
{Heap before GC invocations=6 (full 0):
 garbage-first heap   total 98304K, used 72395K [0x00000000a0c00000, 0x0000000100000000)
  region size 1024K, 51 young (52224K), 5 survivors (5120K)
 Metaspace       used 5059K, committed 5312K, reserved 1114112K
  class space    used 481K, committed 640K, reserved 1048576K
}
Event: 4.649 GC heap after
{Heap after GC invocations=7 (full 0):
 garbage-first heap   total 98304K, used 28387K [0x00000000a0c00000, 0x0000000100000000)
  region size 1024K, 6 young (6144K), 6 survivors (6144K)
 Metaspace       used 5059K, committed 5312K, reserved 1114112K
  class space    used 481K, committed 640K, reserved 1048576K
}
Event: 4.786 GC heap before
{Heap before GC invocations=7 (full 0):
 garbage-first heap   total 98304K, used 76515K [0x00000000a0c00000, 0x0000000100000000)
  region size 1024K, 51 young (52224K), 6 survivors (6144K)
 Metaspace       used 5065K, committed 5312K, reserved 1114112K
  class space    used 481K, committed 640K, reserved 1048576K
}
Event: 4.792 GC heap after
{Heap after GC invocations=8 (full 0):
 garbage-first heap   total 98304K, used 33665K [0x00000000a0c00000, 0x0000000100000000)
  region size 1024K, 7 young (7168K), 7 survivors (7168K)
 Metaspace       used 5065K, committed 5312K, reserved 1114112K
  class space    used 481K, committed 640K, reserved 1048576K
}
Event: 4.896 GC heap before
{Heap before GC invocations=8 (full 0):
 garbage-first heap   total 98304K, used 75649K [0x00000000a0c00000, 0x0000000100000000)
  region size 1024K, 48 young (49152K), 7 survivors (7168K)
 Metaspace       used 5065K, committed 5312K, reserved 1114112K
  class space    used 481K, committed 640K, reserved 1048576K
}
Event: 4.902 GC heap after
{Heap after GC invocations=9 (full 0):
 garbage-first heap   total 123904K, used 34304K [0x00000000a0c00000, 0x0000000100000000)
  region size 1024K, 2 young (2048K), 2 survivors (2048K)
 Metaspace       used 5065K, committed 5312K, reserved 1114112K
  class space    used 481K, committed 640K, reserved 1048576K
}
Event: 5.779 GC heap before
{Heap before GC invocations=9 (full 0):
 garbage-first heap   total 123904K, used 92672K [0x00000000a0c00000, 0x0000000100000000)
  region size 1024K, 59 young (60416K), 2 survivors (2048K)
 Metaspace       used 7491K, committed 7744K, reserved 1114112K
  class space    used 800K, committed 896K, reserved 1048576K
}
Event: 5.785 GC heap after
{Heap after GC invocations=10 (full 0):
 garbage-first heap   total 123904K, used 36784K [0x00000000a0c00000, 0x0000000100000000)
  region size 1024K, 4 young (4096K), 4 survivors (4096K)
 Metaspace       used 7491K, committed 7744K, reserved 1114112K
  class space    used 800K, committed 896K, reserved 1048576K
}
Event: 6.820 GC heap before
{Heap before GC invocations=10 (full 0):
 garbage-first heap   total 123904K, used 95152K [0x00000000a0c00000, 0x0000000100000000)
  region size 1024K, 61 young (62464K), 4 survivors (4096K)
 Metaspace       used 16069K, committed 16384K, reserved 1114112K
  class space    used 1869K, committed 2048K, reserved 1048576K
}
Event: 6.831 GC heap after
{Heap after GC invocations=11 (full 0):
 garbage-first heap   total 123904K, used 40254K [0x00000000a0c00000, 0x0000000100000000)
  region size 1024K, 8 young (8192K), 8 survivors (8192K)
 Metaspace       used 16069K, committed 16384K, reserved 1114112K
  class space    used 1869K, committed 2048K, reserved 1048576K
}

