# JRE version: Java(TM) SE Runtime Environment (17.0.9+11) (build 17.0.9+11-LTS-201)
# Java VM: Java HotSpot(TM) 64-Bit Server VM (17.0.9+11-LTS-201, mixed mode, sharing, tiered, compressed oops, compressed class ptrs, g1 gc, windows-amd64)
GC Precious Log:
 CPUs: 4 total, 4 available
 Memory: 6092M
 Large Page Support: Disabled
 NUMA Support: Disabled
 Compressed Oops: Enabled (32-bit)
 Heap Region Size: 1M
 Heap Min Capacity: 8M
 Heap Initial Capacity: 96M
 Heap Max Capacity: 1524M
 Pre-touch: Disabled
 Parallel Workers: 4
 Concurrent Workers: 1
 Concurrent Refinement Workers: 4
 Periodic GC: Disabled
Heap:
 garbage-first heap   total 567296K, used 287744K [0x00000000a0c00000, 0x0000000100000000)
  region size 1024K, 2 young (2048K), 2 survivors (2048K)
 Metaspace       used 97203K, committed 98880K, reserved 1179648K
  class space    used 14121K, committed 14912K, reserved 1048576K
GC Heap History (20 events):
Event: 33.485 GC heap after
{Heap after GC invocations=45 (full 0):
 garbage-first heap   total 553984K, used 169741K [0x00000000a0c00000, 0x0000000100000000)
  region size 1024K, 7 young (7168K), 7 survivors (7168K)
 Metaspace       used 68054K, committed 69504K, reserved 1114112K
  class space    used 10029K, committed 10688K, reserved 1048576K
}
Event: 40.203 GC heap before
{Heap before GC invocations=45 (full 0):
 garbage-first heap   total 553984K, used 403213K [0x00000000a0c00000, 0x0000000100000000)
  region size 1024K, 232 young (237568K), 7 survivors (7168K)
 Metaspace       used 86601K, committed 88128K, reserved 1179648K
  class space    used 12627K, committed 13312K, reserved 1048576K
}
Event: 40.244 GC heap after
{Heap after GC invocations=46 (full 0):
 garbage-first heap   total 553984K, used 179123K [0x00000000a0c00000, 0x0000000100000000)
  region size 1024K, 16 young (16384K), 16 survivors (16384K)
 Metaspace       used 86601K, committed 88128K, reserved 1179648K
  class space    used 12627K, committed 13312K, reserved 1048576K
}
Event: 41.808 GC heap before
{Heap before GC invocations=46 (full 0):
 garbage-first heap   total 553984K, used 435123K [0x00000000a0c00000, 0x0000000100000000)
  region size 1024K, 267 young (273408K), 16 survivors (16384K)
 Metaspace       used 88363K, committed 89920K, reserved 1179648K
  class space    used 12905K, committed 13632K, reserved 1048576K
}
Event: 41.867 GC heap after
{Heap after GC invocations=47 (full 0):
 garbage-first heap   total 553984K, used 202310K [0x00000000a0c00000, 0x0000000100000000)
  region size 1024K, 34 young (34816K), 34 survivors (34816K)
 Metaspace       used 88363K, committed 89920K, reserved 1179648K
  class space    used 12905K, committed 13632K, reserved 1048576K
}
Event: 42.716 GC heap before
{Heap before GC invocations=47 (full 0):
 garbage-first heap   total 553984K, used 446022K [0x00000000a0c00000, 0x0000000100000000)
  region size 1024K, 258 young (264192K), 34 survivors (34816K)
 Metaspace       used 89119K, committed 90752K, reserved 1179648K
  class space    used 13011K, committed 13760K, reserved 1048576K
}
Event: 42.930 GC heap after
{Heap after GC invocations=48 (full 0):
 garbage-first heap   total 553984K, used 206336K [0x00000000a0c00000, 0x0000000100000000)
  region size 1024K, 7 young (7168K), 7 survivors (7168K)
 Metaspace       used 89119K, committed 90752K, reserved 1179648K
  class space    used 13011K, committed 13760K, reserved 1048576K
}
Event: 44.085 GC heap before
{Heap before GC invocations=48 (full 0):
 garbage-first heap   total 553984K, used 442880K [0x00000000a0c00000, 0x0000000100000000)
  region size 1024K, 238 young (243712K), 7 survivors (7168K)
 Metaspace       used 90884K, committed 92480K, reserved 1179648K
  class space    used 13225K, committed 13952K, reserved 1048576K
}
Event: 44.108 GC heap after
{Heap after GC invocations=49 (full 0):
 garbage-first heap   total 553984K, used 215552K [0x00000000a0c00000, 0x0000000100000000)
  region size 1024K, 16 young (16384K), 16 survivors (16384K)
 Metaspace       used 90884K, committed 92480K, reserved 1179648K
  class space    used 13225K, committed 13952K, reserved 1048576K
}
Event: 45.490 GC heap before
{Heap before GC invocations=49 (full 0):
 garbage-first heap   total 553984K, used 451072K [0x00000000a0c00000, 0x0000000100000000)
  region size 1024K, 246 young (251904K), 16 survivors (16384K)
 Metaspace       used 91942K, committed 93504K, reserved 1179648K
  class space    used 13351K, committed 14080K, reserved 1048576K
}
Event: 45.588 GC heap after
{Heap after GC invocations=50 (full 0):
 garbage-first heap   total 553984K, used 255862K [0x00000000a0c00000, 0x0000000100000000)
  region size 1024K, 31 young (31744K), 31 survivors (31744K)
 Metaspace       used 91942K, committed 93504K, reserved 1179648K
  class space    used 13351K, committed 14080K, reserved 1048576K
}
Event: 46.475 GC heap before
{Heap before GC invocations=50 (full 0):
 garbage-first heap   total 553984K, used 303990K [0x00000000a0c00000, 0x0000000100000000)
  region size 1024K, 77 young (78848K), 31 survivors (31744K)
 Metaspace       used 92342K, committed 93952K, reserved 1179648K
  class space    used 13404K, committed 14144K, reserved 1048576K
}
Event: 46.564 GC heap after
{Heap after GC invocations=51 (full 0):
 garbage-first heap   total 553984K, used 262144K [0x00000000a0c00000, 0x0000000100000000)
  region size 1024K, 4 young (4096K), 4 survivors (4096K)
 Metaspace       used 92342K, committed 93952K, reserved 1179648K
  class space    used 13404K, committed 14144K, reserved 1048576K
}
Event: 48.324 GC heap before
{Heap before GC invocations=51 (full 0):
 garbage-first heap   total 553984K, used 453632K [0x00000000a0c00000, 0x0000000100000000)
  region size 1024K, 187 young (191488K), 4 survivors (4096K)
 Metaspace       used 92831K, committed 94464K, reserved 1179648K
  class space    used 13459K, committed 14208K, reserved 1048576K
}
Event: 48.371 GC heap after
{Heap after GC invocations=52 (full 0):
 garbage-first heap   total 553984K, used 275456K [0x00000000a0c00000, 0x0000000100000000)
  region size 1024K, 15 young (15360K), 15 survivors (15360K)
 Metaspace       used 92831K, committed 94464K, reserved 1179648K
  class space    used 13459K, committed 14208K, reserved 1048576K
}
Event: 53.108 GC heap before
{Heap before GC invocations=52 (full 0):
 garbage-first heap   total 553984K, used 384000K [0x00000000a0c00000, 0x0000000100000000)
  region size 1024K, 113 young (115712K), 15 survivors (15360K)
 Metaspace       used 96388K, committed 97920K, reserved 1179648K
  class space    used 14002K, committed 14720K, reserved 1048576K
}
Event: 53.185 GC heap after
{Heap after GC invocations=53 (full 0):
 garbage-first heap   total 553984K, used 281436K [0x00000000a0c00000, 0x0000000100000000)
  region size 1024K, 20 young (20480K), 20 survivors (20480K)
 Metaspace       used 96388K, committed 97920K, reserved 1179648K
  class space    used 14002K, committed 14720K, reserved 1048576K
}
Event: 55.162 GC heap before
{Heap before GC invocations=54 (full 0):
 garbage-first heap   total 567296K, used 457564K [0x00000000a0c00000, 0x0000000100000000)
  region size 1024K, 192 young (196608K), 20 survivors (20480K)
 Metaspace       used 97203K, committed 98880K, reserved 1179648K
  class space    used 14121K, committed 14912K, reserved 1048576K
}
Event: 55.200 GC heap after
{Heap after GC invocations=55 (full 0):
 garbage-first heap   total 567296K, used 288110K [0x00000000a0c00000, 0x0000000100000000)
  region size 1024K, 20 young (20480K), 20 survivors (20480K)
 Metaspace       used 97203K, committed 98880K, reserved 1179648K
  class space    used 14121K, committed 14912K, reserved 1048576K
}
Event: 55.232 GC heap before
{Heap before GC invocations=55 (full 0):
 garbage-first heap   total 567296K, used 295278K [0x00000000a0c00000, 0x0000000100000000)
  region size 1024K, 27 young (27648K), 20 survivors (20480K)
 Metaspace       used 97203K, committed 98880K, reserved 1179648K
  class space    used 14121K, committed 14912K, reserved 1048576K
}

