# JRE version: OpenJDK Runtime Environment Temurin-17.0.9+9 (17.0.9+9) (build 17.0.9+9)
# Java VM: OpenJDK 64-Bit Server VM Temurin-17.0.9+9 (17.0.9+9, mixed mode, sharing, tiered, compressed oops, compressed class ptrs, g1 gc, windows-amd64)
GC Precious Log:
 CPUs: 4 total, 4 available
 Memory: 6092M
 Large Page Support: Disabled
 NUMA Support: Disabled
 Compressed Oops: Enabled (32-bit)
 Heap Region Size: 1M
 Heap Min Capacity: 8M
 Heap Initial Capacity: 96M
 Heap Max Capacity: 1524M
 Pre-touch: Disabled
 Parallel Workers: 4
 Concurrent Workers: 1
 Concurrent Refinement Workers: 4
 Periodic GC: Disabled
Heap:
 garbage-first heap   total 132096K, used 45168K [0x00000000a0c00000, 0x0000000100000000)
  region size 1024K, 17 young (17408K), 8 survivors (8192K)
 Metaspace       used 16722K, committed 17024K, reserved 1114112K
  class space    used 1905K, committed 2048K, reserved 1048576K
GC Heap History (20 events):
Event: 1.666 GC heap before
{Heap before GC invocations=1 (full 0):
 garbage-first heap   total 98304K, used 22083K [0x00000000a0c00000, 0x0000000100000000)
  region size 1024K, 14 young (14336K), 2 survivors (2048K)
 Metaspace       used 2685K, committed 2880K, reserved 1114112K
  class space    used 263K, committed 384K, reserved 1048576K
}
Event: 1.670 GC heap after
{Heap after GC invocations=2 (full 0):
 garbage-first heap   total 98304K, used 11005K [0x00000000a0c00000, 0x0000000100000000)
  region size 1024K, 2 young (2048K), 2 survivors (2048K)
 Metaspace       used 2685K, committed 2880K, reserved 1114112K
  class space    used 263K, committed 384K, reserved 1048576K
}
Event: 2.956 GC heap before
{Heap before GC invocations=2 (full 0):
 garbage-first heap   total 98304K, used 31485K [0x00000000a0c00000, 0x0000000100000000)
  region size 1024K, 23 young (23552K), 2 survivors (2048K)
 Metaspace       used 4841K, committed 5056K, reserved 1114112K
  class space    used 471K, committed 576K, reserved 1048576K
}
Event: 2.960 GC heap after
{Heap after GC invocations=3 (full 0):
 garbage-first heap   total 98304K, used 12774K [0x00000000a0c00000, 0x0000000100000000)
  region size 1024K, 3 young (3072K), 3 survivors (3072K)
 Metaspace       used 4841K, committed 5056K, reserved 1114112K
  class space    used 471K, committed 576K, reserved 1048576K
}
Event: 4.971 GC heap before
{Heap before GC invocations=3 (full 0):
 garbage-first heap   total 98304K, used 70118K [0x00000000a0c00000, 0x0000000100000000)
  region size 1024K, 57 young (58368K), 3 survivors (3072K)
 Metaspace       used 4877K, committed 5120K, reserved 1114112K
  class space    used 471K, committed 576K, reserved 1048576K
}
Event: 4.981 GC heap after
{Heap after GC invocations=4 (full 0):
 garbage-first heap   total 98304K, used 20001K [0x00000000a0c00000, 0x0000000100000000)
  region size 1024K, 8 young (8192K), 8 survivors (8192K)
 Metaspace       used 4877K, committed 5120K, reserved 1114112K
  class space    used 471K, committed 576K, reserved 1048576K
}
Event: 5.910 GC heap before
{Heap before GC invocations=4 (full 0):
 garbage-first heap   total 98304K, used 69153K [0x00000000a0c00000, 0x0000000100000000)
  region size 1024K, 56 young (57344K), 8 survivors (8192K)
 Metaspace       used 4947K, committed 5184K, reserved 1114112K
  class space    used 471K, committed 576K, reserved 1048576K
}
Event: 5.921 GC heap after
{Heap after GC invocations=5 (full 0):
 garbage-first heap   total 98304K, used 21467K [0x00000000a0c00000, 0x0000000100000000)
  region size 1024K, 2 young (2048K), 2 survivors (2048K)
 Metaspace       used 4947K, committed 5184K, reserved 1114112K
  class space    used 471K, committed 576K, reserved 1048576K
}
Event: 7.174 GC heap before
{Heap before GC invocations=5 (full 0):
 garbage-first heap   total 98304K, used 71643K [0x00000000a0c00000, 0x0000000100000000)
  region size 1024K, 51 young (52224K), 2 survivors (2048K)
 Metaspace       used 5060K, committed 5312K, reserved 1114112K
  class space    used 480K, committed 640K, reserved 1048576K
}
Event: 7.179 GC heap after
{Heap after GC invocations=6 (full 0):
 garbage-first heap   total 98304K, used 25074K [0x00000000a0c00000, 0x0000000100000000)
  region size 1024K, 6 young (6144K), 6 survivors (6144K)
 Metaspace       used 5060K, committed 5312K, reserved 1114112K
  class space    used 480K, committed 640K, reserved 1048576K
}
Event: 7.498 GC heap before
{Heap before GC invocations=6 (full 0):
 garbage-first heap   total 98304K, used 74226K [0x00000000a0c00000, 0x0000000100000000)
  region size 1024K, 52 young (53248K), 6 survivors (6144K)
 Metaspace       used 5069K, committed 5312K, reserved 1114112K
  class space    used 480K, committed 640K, reserved 1048576K
}
Event: 7.508 GC heap after
{Heap after GC invocations=7 (full 0):
 garbage-first heap   total 98304K, used 30766K [0x00000000a0c00000, 0x0000000100000000)
  region size 1024K, 4 young (4096K), 4 survivors (4096K)
 Metaspace       used 5069K, committed 5312K, reserved 1114112K
  class space    used 480K, committed 640K, reserved 1048576K
}
Event: 7.566 GC heap before
{Heap before GC invocations=7 (full 0):
 garbage-first heap   total 98304K, used 72750K [0x00000000a0c00000, 0x0000000100000000)
  region size 1024K, 45 young (46080K), 4 survivors (4096K)
 Metaspace       used 5069K, committed 5312K, reserved 1114112K
  class space    used 480K, committed 640K, reserved 1048576K
}
Event: 7.572 GC heap after
{Heap after GC invocations=8 (full 0):
 garbage-first heap   total 98304K, used 32021K [0x00000000a0c00000, 0x0000000100000000)
  region size 1024K, 2 young (2048K), 2 survivors (2048K)
 Metaspace       used 5069K, committed 5312K, reserved 1114112K
  class space    used 480K, committed 640K, reserved 1048576K
}
Event: 7.665 GC heap before
{Heap before GC invocations=8 (full 0):
 garbage-first heap   total 98304K, used 75029K [0x00000000a0c00000, 0x0000000100000000)
  region size 1024K, 44 young (45056K), 2 survivors (2048K)
 Metaspace       used 5069K, committed 5312K, reserved 1114112K
  class space    used 480K, committed 640K, reserved 1048576K
}
Event: 7.667 GC heap after
{Heap after GC invocations=9 (full 0):
 garbage-first heap   total 132096K, used 31672K [0x00000000a0c00000, 0x0000000100000000)
  region size 1024K, 1 young (1024K), 1 survivors (1024K)
 Metaspace       used 5069K, committed 5312K, reserved 1114112K
  class space    used 480K, committed 640K, reserved 1048576K
}
Event: 8.861 GC heap before
{Heap before GC invocations=9 (full 0):
 garbage-first heap   total 132096K, used 95160K [0x00000000a0c00000, 0x0000000100000000)
  region size 1024K, 63 young (64512K), 1 survivors (1024K)
 Metaspace       used 7075K, committed 7232K, reserved 1114112K
  class space    used 737K, committed 832K, reserved 1048576K
}
Event: 8.866 GC heap after
{Heap after GC invocations=10 (full 0):
 garbage-first heap   total 132096K, used 34744K [0x00000000a0c00000, 0x0000000100000000)
  region size 1024K, 4 young (4096K), 4 survivors (4096K)
 Metaspace       used 7075K, committed 7232K, reserved 1114112K
  class space    used 737K, committed 832K, reserved 1048576K
}
Event: 10.229 GC heap before
{Heap before GC invocations=10 (full 0):
 garbage-first heap   total 132096K, used 103352K [0x00000000a0c00000, 0x0000000100000000)
  region size 1024K, 71 young (72704K), 4 survivors (4096K)
 Metaspace       used 15547K, committed 15872K, reserved 1114112K
  class space    used 1814K, committed 1984K, reserved 1048576K
}
Event: 10.243 GC heap after
{Heap after GC invocations=11 (full 0):
 garbage-first heap   total 132096K, used 38000K [0x00000000a0c00000, 0x0000000100000000)
  region size 1024K, 8 young (8192K), 8 survivors (8192K)
 Metaspace       used 15547K, committed 15872K, reserved 1114112K
  class space    used 1814K, committed 1984K, reserved 1048576K
}

