# JRE version: OpenJDK Runtime Environment Temurin-17.0.9+9 (17.0.9+9) (build 17.0.9+9)
# Java VM: OpenJDK 64-Bit Server VM Temurin-17.0.9+9 (17.0.9+9, mixed mode, sharing, tiered, compressed oops, compressed class ptrs, g1 gc, windows-amd64)
GC Precious Log:
 CPUs: 4 total, 4 available
 Memory: 6092M
 Large Page Support: Disabled
 NUMA Support: Disabled
 Compressed Oops: Enabled (32-bit)
 Heap Region Size: 1M
 Heap Min Capacity: 8M
 Heap Initial Capacity: 96M
 Heap Max Capacity: 1524M
 Pre-touch: Disabled
 Parallel Workers: 4
 Concurrent Workers: 1
 Concurrent Refinement Workers: 4
 Periodic GC: Disabled
Heap:
 garbage-first heap   total 140288K, used 65326K [0x00000000a0c00000, 0x0000000100000000)
  region size 1024K, 37 young (37888K), 7 survivors (7168K)
 Metaspace       used 16769K, committed 17088K, reserved 1114112K
  class space    used 1905K, committed 2048K, reserved 1048576K
GC Heap History (20 events):
Event: 1.768 GC heap before
{Heap before GC invocations=1 (full 0):
 garbage-first heap   total 98304K, used 22187K [0x00000000a0c00000, 0x0000000100000000)
  region size 1024K, 14 young (14336K), 2 survivors (2048K)
 Metaspace       used 2715K, committed 2944K, reserved 1114112K
  class space    used 265K, committed 384K, reserved 1048576K
}
Event: 1.773 GC heap after
{Heap after GC invocations=2 (full 0):
 garbage-first heap   total 98304K, used 11070K [0x00000000a0c00000, 0x0000000100000000)
  region size 1024K, 2 young (2048K), 2 survivors (2048K)
 Metaspace       used 2715K, committed 2944K, reserved 1114112K
  class space    used 265K, committed 384K, reserved 1048576K
}
Event: 2.875 GC heap before
{Heap before GC invocations=2 (full 0):
 garbage-first heap   total 98304K, used 32574K [0x00000000a0c00000, 0x0000000100000000)
  region size 1024K, 23 young (23552K), 2 survivors (2048K)
 Metaspace       used 4853K, committed 5056K, reserved 1114112K
  class space    used 471K, committed 576K, reserved 1048576K
}
Event: 2.880 GC heap after
{Heap after GC invocations=3 (full 0):
 garbage-first heap   total 98304K, used 13620K [0x00000000a0c00000, 0x0000000100000000)
  region size 1024K, 3 young (3072K), 3 survivors (3072K)
 Metaspace       used 4853K, committed 5056K, reserved 1114112K
  class space    used 471K, committed 576K, reserved 1048576K
}
Event: 3.667 GC heap before
{Heap before GC invocations=3 (full 0):
 garbage-first heap   total 98304K, used 66868K [0x00000000a0c00000, 0x0000000100000000)
  region size 1024K, 53 young (54272K), 3 survivors (3072K)
 Metaspace       used 4891K, committed 5120K, reserved 1114112K
  class space    used 471K, committed 576K, reserved 1048576K
}
Event: 3.679 GC heap after
{Heap after GC invocations=4 (full 0):
 garbage-first heap   total 98304K, used 20073K [0x00000000a0c00000, 0x0000000100000000)
  region size 1024K, 7 young (7168K), 7 survivors (7168K)
 Metaspace       used 4891K, committed 5120K, reserved 1114112K
  class space    used 471K, committed 576K, reserved 1048576K
}
Event: 4.669 GC heap before
{Heap before GC invocations=4 (full 0):
 garbage-first heap   total 98304K, used 69225K [0x00000000a0c00000, 0x0000000100000000)
  region size 1024K, 55 young (56320K), 7 survivors (7168K)
 Metaspace       used 4927K, committed 5120K, reserved 1114112K
  class space    used 471K, committed 576K, reserved 1048576K
}
Event: 4.679 GC heap after
{Heap after GC invocations=5 (full 0):
 garbage-first heap   total 98304K, used 21823K [0x00000000a0c00000, 0x0000000100000000)
  region size 1024K, 2 young (2048K), 2 survivors (2048K)
 Metaspace       used 4927K, committed 5120K, reserved 1114112K
  class space    used 471K, committed 576K, reserved 1048576K
}
Event: 5.887 GC heap before
{Heap before GC invocations=5 (full 0):
 garbage-first heap   total 98304K, used 71999K [0x00000000a0c00000, 0x0000000100000000)
  region size 1024K, 51 young (52224K), 2 survivors (2048K)
 Metaspace       used 5061K, committed 5312K, reserved 1114112K
  class space    used 480K, committed 640K, reserved 1048576K
}
Event: 5.892 GC heap after
{Heap after GC invocations=6 (full 0):
 garbage-first heap   total 98304K, used 24368K [0x00000000a0c00000, 0x0000000100000000)
  region size 1024K, 5 young (5120K), 5 survivors (5120K)
 Metaspace       used 5061K, committed 5312K, reserved 1114112K
  class space    used 480K, committed 640K, reserved 1048576K
}
Event: 6.369 GC heap before
{Heap before GC invocations=6 (full 0):
 garbage-first heap   total 98304K, used 75568K [0x00000000a0c00000, 0x0000000100000000)
  region size 1024K, 53 young (54272K), 5 survivors (5120K)
 Metaspace       used 5081K, committed 5312K, reserved 1114112K
  class space    used 480K, committed 640K, reserved 1048576K
}
Event: 6.377 GC heap after
{Heap after GC invocations=7 (full 0):
 garbage-first heap   total 98304K, used 30237K [0x00000000a0c00000, 0x0000000100000000)
  region size 1024K, 7 young (7168K), 7 survivors (7168K)
 Metaspace       used 5081K, committed 5312K, reserved 1114112K
  class space    used 480K, committed 640K, reserved 1048576K
}
Event: 6.444 GC heap before
{Heap before GC invocations=7 (full 0):
 garbage-first heap   total 98304K, used 75293K [0x00000000a0c00000, 0x0000000100000000)
  region size 1024K, 51 young (52224K), 7 survivors (7168K)
 Metaspace       used 5081K, committed 5312K, reserved 1114112K
  class space    used 480K, committed 640K, reserved 1048576K
}
Event: 6.453 GC heap after
{Heap after GC invocations=8 (full 0):
 garbage-first heap   total 98304K, used 32050K [0x00000000a0c00000, 0x0000000100000000)
  region size 1024K, 2 young (2048K), 2 survivors (2048K)
 Metaspace       used 5081K, committed 5312K, reserved 1114112K
  class space    used 480K, committed 640K, reserved 1048576K
}
Event: 6.606 GC heap before
{Heap before GC invocations=8 (full 0):
 garbage-first heap   total 98304K, used 76082K [0x00000000a0c00000, 0x0000000100000000)
  region size 1024K, 45 young (46080K), 2 survivors (2048K)
 Metaspace       used 5081K, committed 5312K, reserved 1114112K
  class space    used 480K, committed 640K, reserved 1048576K
}
Event: 6.609 GC heap after
{Heap after GC invocations=9 (full 0):
 garbage-first heap   total 98304K, used 32050K [0x00000000a0c00000, 0x0000000100000000)
  region size 1024K, 2 young (2048K), 2 survivors (2048K)
 Metaspace       used 5081K, committed 5312K, reserved 1114112K
  class space    used 480K, committed 640K, reserved 1048576K
}
Event: 7.614 GC heap before
{Heap before GC invocations=9 (full 0):
 garbage-first heap   total 98304K, used 77106K [0x00000000a0c00000, 0x0000000100000000)
  region size 1024K, 46 young (47104K), 2 survivors (2048K)
 Metaspace       used 5556K, committed 5824K, reserved 1114112K
  class space    used 533K, committed 640K, reserved 1048576K
}
Event: 7.622 GC heap after
{Heap after GC invocations=10 (full 0):
 garbage-first heap   total 140288K, used 34772K [0x00000000a0c00000, 0x0000000100000000)
  region size 1024K, 5 young (5120K), 5 survivors (5120K)
 Metaspace       used 5556K, committed 5824K, reserved 1114112K
  class space    used 533K, committed 640K, reserved 1048576K
}
Event: 8.966 GC heap before
{Heap before GC invocations=10 (full 0):
 garbage-first heap   total 140288K, used 96212K [0x00000000a0c00000, 0x0000000100000000)
  region size 1024K, 65 young (66560K), 5 survivors (5120K)
 Metaspace       used 11713K, committed 12032K, reserved 1114112K
  class space    used 1305K, committed 1472K, reserved 1048576K
}
Event: 8.974 GC heap after
{Heap after GC invocations=11 (full 0):
 garbage-first heap   total 140288K, used 36654K [0x00000000a0c00000, 0x0000000100000000)
  region size 1024K, 7 young (7168K), 7 survivors (7168K)
 Metaspace       used 11713K, committed 12032K, reserved 1114112K
  class space    used 1305K, committed 1472K, reserved 1048576K
}

